#
# There is insufficient memory for the Java Runtime Environment to continue.
# Native memory allocation (mmap) failed to map 65536 bytes. Error detail: Failed to commit metaspace.
# Possible reasons:
#   The system is out of physical RAM or swap space
#   This process is running with CompressedOops enabled, and the Java Heap may be blocking the growth of the native heap
# Possible solutions:
#   Reduce memory load on the system
#   Increase physical memory or swap space
#   Check if swap backing store is full
#   Decrease Java heap size (-Xmx/-Xms)
#   Decrease number of Java threads
#   Decrease Java thread stack sizes (-Xss)
#   Set larger code cache with -XX:ReservedCodeCacheSize=
#   JVM is running with Unscaled Compressed Oops mode in which the Java heap is
#     placed in the first 4GB address space. The Java Heap base address is the
#     maximum limit for the native heap growth. Please use -XX:HeapBaseMinAddress
#     to set the Java Heap base and to place the Java Heap above 4GB virtual address.
# This output file may be truncated or incomplete.
#
#  Out of Memory Error (virtualSpaceNode.cpp:110), pid=16732, tid=9016
#
# JRE version: OpenJDK Runtime Environment Temurin-17.0.11+9 (17.0.11+9) (build 17.0.11+9)
# Java VM: OpenJDK 64-Bit Server VM Temurin-17.0.11+9 (17.0.11+9, mixed mode, tiered, compressed oops, compressed class ptrs, parallel gc, windows-amd64)
# No core dump will be written. Minidumps are not enabled by default on client versions of Windows
#

---------------  S U M M A R Y ------------

Command Line: --add-modules=ALL-SYSTEM --add-opens=java.base/java.util=ALL-UNNAMED --add-opens=java.base/java.lang=ALL-UNNAMED --add-opens=java.base/sun.nio.fs=ALL-UNNAMED -Declipse.application=org.eclipse.jdt.ls.core.id1 -Dosgi.bundles.defaultStartLevel=4 -Declipse.product=org.eclipse.jdt.ls.core.product -Djava.import.generatesMetadataFilesAtProjectRoot=false -DDetectVMInstallationsJob.disabled=true -Dfile.encoding=utf8 -XX:+UseParallelGC -XX:GCTimeRatio=4 -XX:AdaptiveSizePolicyWeight=90 -Dsun.zip.disableMemoryMapping=true -Xmx1G -Xms100m -Xlog:disable -javaagent:c:\Users\Administrator\.vscode\extensions\redhat.java-1.32.0-win32-x64\lombok\lombok-1.18.33.jar c:\Users\Administrator\.vscode\extensions\redhat.java-1.32.0-win32-x64\server\plugins\org.eclipse.equinox.launcher_1.6.900.v20240613-2009.jar -configuration c:\Users\Administrator\AppData\Roaming\Code\User\globalStorage\redhat.java\1.32.0\config_ss_win -data c:\Users\Administrator\AppData\Roaming\Code\User\workspaceStorage\aedb73c074b3051e69e9d06902ef6abe\redhat.java\ss_ws --pipe=\\.\pipe\lsp-d259c7ee6ad5f8c114a87424b14b506b-sock

Host: 11th Gen Intel(R) Core(TM) i5-1135G7 @ 2.40GHz, 8 cores, 15G,  Windows 10 , 64 bit Build 19041 (10.0.19041.3636)
Time: Wed Jul  3 09:56:50 2024  Windows 10 , 64 bit Build 19041 (10.0.19041.3636) elapsed time: 3.225991 seconds (0d 0h 0m 3s)

---------------  T H R E A D  ---------------

Current thread (0x00000226cb361f40):  JavaThread "Start Level: Equinox Container: c599734c-def7-452f-8d6f-1e88ba7d67e4" daemon [_thread_in_vm, id=9016, stack(0x000000c03f100000,0x000000c03f200000)]

Stack: [0x000000c03f100000,0x000000c03f200000]
Native frames: (J=compiled Java code, j=interpreted, Vv=VM code, C=native code)
V  [jvm.dll+0x67d429]
V  [jvm.dll+0x834b7a]
V  [jvm.dll+0x83663e]
V  [jvm.dll+0x836ca3]
V  [jvm.dll+0x247dbf]
V  [jvm.dll+0x83083b]
V  [jvm.dll+0x621d56]
V  [jvm.dll+0x1c1b3e]
V  [jvm.dll+0x6246b1]
V  [jvm.dll+0x6226f6]
V  [jvm.dll+0x23d797]
V  [jvm.dll+0x1e77bd]
V  [jvm.dll+0x1ec594]
V  [jvm.dll+0x1e1f11]
V  [jvm.dll+0x54250e]
V  [jvm.dll+0x7aecb8]
V  [jvm.dll+0x7aeda4]
V  [jvm.dll+0x4106a5]
V  [jvm.dll+0x416819]
C  [java.dll+0x17ec]

Java frames: (J=compiled Java code, j=interpreted, Vv=VM code)
J 1097  java.lang.ClassLoader.defineClass1(Ljava/lang/ClassLoader;Ljava/lang/String;[BIILjava/security/ProtectionDomain;Ljava/lang/String;)Ljava/lang/Class; java.base@17.0.11 (0 bytes) @ 0x00000226baf430db [0x00000226baf43020+0x00000000000000bb]
J 1707 c1 java.lang.ClassLoader.defineClass(Ljava/lang/String;[BIILjava/security/ProtectionDomain;)Ljava/lang/Class; java.base@17.0.11 (43 bytes) @ 0x00000226b3705054 [0x00000226b3704d00+0x0000000000000354]
J 1489 c1 java.security.SecureClassLoader.defineClass(Ljava/lang/String;[BIILjava/security/CodeSource;)Ljava/lang/Class; java.base@17.0.11 (16 bytes) @ 0x00000226b369bf8c [0x00000226b369bec0+0x00000000000000cc]
J 1317 c1 java.net.URLClassLoader.defineClass(Ljava/lang/String;Ljdk/internal/loader/Resource;)Ljava/lang/Class; java.base@17.0.11 (225 bytes) @ 0x00000226b3638a84 [0x00000226b3637040+0x0000000000001a44]
J 1485 c1 java.net.URLClassLoader$1.run()Ljava/lang/Class; java.base@17.0.11 (81 bytes) @ 0x00000226b3699774 [0x00000226b3698b20+0x0000000000000c54]
J 1484 c1 java.net.URLClassLoader$1.run()Ljava/lang/Object; java.base@17.0.11 (5 bytes) @ 0x00000226b3698644 [0x00000226b36985c0+0x0000000000000084]
J 1308 c1 java.security.AccessController.doPrivileged(Ljava/security/PrivilegedExceptionAction;Ljava/security/AccessControlContext;)Ljava/lang/Object; java.base@17.0.11 (26 bytes) @ 0x00000226b36337f4 [0x00000226b3633620+0x00000000000001d4]
J 1311 c1 java.net.URLClassLoader.findClass(Ljava/lang/String;)Ljava/lang/Class; java.base@17.0.11 (47 bytes) @ 0x00000226b363546c [0x00000226b3635300+0x000000000000016c]
J 1091 c1 java.lang.ClassLoader.loadClass(Ljava/lang/String;Z)Ljava/lang/Class; java.base@17.0.11 (121 bytes) @ 0x00000226b35d515c [0x00000226b35d4bc0+0x000000000000059c]
J 792 c1 java.lang.ClassLoader.loadClass(Ljava/lang/String;)Ljava/lang/Class; java.base@17.0.11 (7 bytes) @ 0x00000226b354683c [0x00000226b3546740+0x00000000000000fc]
j  org.eclipse.osgi.internal.loader.SystemBundleLoader.findLocalClass(Ljava/lang/String;)Ljava/lang/Class;+5
J 1931 c1 org.eclipse.osgi.internal.loader.sources.SingleSourcePackage.loadClass(Ljava/lang/String;)Ljava/lang/Class; (9 bytes) @ 0x00000226b377c1bc [0x00000226b377c0c0+0x00000000000000fc]
J 1661 c1 org.eclipse.osgi.internal.loader.BundleLoader.findClass0(Ljava/lang/String;ZZ)Ljava/lang/Class; (470 bytes) @ 0x00000226b36ee79c [0x00000226b36ec1a0+0x00000000000025fc]
J 1660 c1 org.eclipse.osgi.internal.loader.BundleLoader.findClass(Ljava/lang/String;)Ljava/lang/Class; (8 bytes) @ 0x00000226b36eb89c [0x00000226b36eb820+0x000000000000007c]
J 1663 c1 org.eclipse.osgi.internal.loader.ModuleClassLoader.loadClass(Ljava/lang/String;Z)Ljava/lang/Class; (36 bytes) @ 0x00000226b36f18bc [0x00000226b36f16a0+0x000000000000021c]
J 792 c1 java.lang.ClassLoader.loadClass(Ljava/lang/String;)Ljava/lang/Class; java.base@17.0.11 (7 bytes) @ 0x00000226b354683c [0x00000226b3546740+0x00000000000000fc]
v  ~StubRoutines::call_stub
J 1097  java.lang.ClassLoader.defineClass1(Ljava/lang/ClassLoader;Ljava/lang/String;[BIILjava/security/ProtectionDomain;Ljava/lang/String;)Ljava/lang/Class; java.base@17.0.11 (0 bytes) @ 0x00000226baf430db [0x00000226baf43020+0x00000000000000bb]
J 1707 c1 java.lang.ClassLoader.defineClass(Ljava/lang/String;[BIILjava/security/ProtectionDomain;)Ljava/lang/Class; java.base@17.0.11 (43 bytes) @ 0x00000226b3705054 [0x00000226b3704d00+0x0000000000000354]
j  org.eclipse.osgi.internal.loader.ModuleClassLoader.defineClass(Ljava/lang/String;[BLorg/eclipse/osgi/internal/loader/classpath/ClasspathEntry;)Lorg/eclipse/osgi/internal/loader/ModuleClassLoader$DefineClassResult;+42
J 1768 c1 org.eclipse.osgi.internal.loader.classpath.ClasspathManager.defineClass(Ljava/lang/String;[BLorg/eclipse/osgi/internal/loader/classpath/ClasspathEntry;Lorg/eclipse/osgi/storage/bundlefile/BundleEntry;Ljava/util/List;)Ljava/lang/Class; (636 bytes) @ 0x00000226b372edc4 [0x00000226b372d3e0+0x00000000000019e4]
J 1933 c1 org.eclipse.osgi.internal.loader.classpath.ClasspathManager.findClassImpl(Ljava/lang/String;Lorg/eclipse/osgi/internal/loader/classpath/ClasspathEntry;Ljava/util/List;)Ljava/lang/Class; (308 bytes) @ 0x00000226b37807e4 [0x00000226b377da40+0x0000000000002da4]
J 1754 c1 org.eclipse.osgi.internal.loader.classpath.ClasspathManager.findLocalClassImpl(Ljava/lang/String;[Lorg/eclipse/osgi/internal/loader/classpath/ClasspathEntry;Ljava/util/List;)Ljava/lang/Class; (55 bytes) @ 0x00000226b3722f4c [0x00000226b3722dc0+0x000000000000018c]
J 1932 c1 org.eclipse.osgi.internal.loader.classpath.ClasspathManager.findLocalClassImpl(Ljava/lang/String;Ljava/util/List;)Ljava/lang/Class; (132 bytes) @ 0x00000226b377cad4 [0x00000226b377c5c0+0x0000000000000514]
J 1746 c1 org.eclipse.osgi.internal.loader.classpath.ClasspathManager.findLocalClass(Ljava/lang/String;)Ljava/lang/Class; (210 bytes) @ 0x00000226b371c2bc [0x00000226b371b620+0x0000000000000c9c]
J 1744 c1 org.eclipse.osgi.internal.loader.BundleLoader.findLocalClass(Ljava/lang/String;)Ljava/lang/Class; (152 bytes) @ 0x00000226b371976c [0x00000226b3718f20+0x000000000000084c]
J 1661 c1 org.eclipse.osgi.internal.loader.BundleLoader.findClass0(Ljava/lang/String;ZZ)Ljava/lang/Class; (470 bytes) @ 0x00000226b36ee894 [0x00000226b36ec1a0+0x00000000000026f4]
J 1660 c1 org.eclipse.osgi.internal.loader.BundleLoader.findClass(Ljava/lang/String;)Ljava/lang/Class; (8 bytes) @ 0x00000226b36eb89c [0x00000226b36eb820+0x000000000000007c]
J 1663 c1 org.eclipse.osgi.internal.loader.ModuleClassLoader.loadClass(Ljava/lang/String;Z)Ljava/lang/Class; (36 bytes) @ 0x00000226b36f18bc [0x00000226b36f16a0+0x000000000000021c]
J 792 c1 java.lang.ClassLoader.loadClass(Ljava/lang/String;)Ljava/lang/Class; java.base@17.0.11 (7 bytes) @ 0x00000226b354683c [0x00000226b3546740+0x00000000000000fc]
v  ~StubRoutines::call_stub
j  org.eclipse.core.runtime.Platform.<clinit>()V+0
v  ~StubRoutines::call_stub
j  org.eclipse.core.internal.resources.Workspace.<clinit>()V+2
v  ~StubRoutines::call_stub
j  org.eclipse.core.resources.ResourcesPlugin$WorkspaceInitCustomizer.addingService(Lorg/osgi/framework/ServiceReference;)Lorg/eclipse/core/internal/resources/Workspace;+30
j  org.eclipse.core.resources.ResourcesPlugin$WorkspaceInitCustomizer.addingService(Lorg/osgi/framework/ServiceReference;)Ljava/lang/Object;+5
j  org.osgi.util.tracker.ServiceTracker$Tracked.customizerAdding(Lorg/osgi/framework/ServiceReference;Lorg/osgi/framework/ServiceEvent;)Ljava/lang/Object;+8
j  org.osgi.util.tracker.ServiceTracker$Tracked.customizerAdding(Ljava/lang/Object;Ljava/lang/Object;)Ljava/lang/Object;+9
j  org.osgi.util.tracker.AbstractTracked.trackAdding(Ljava/lang/Object;Ljava/lang/Object;)V+8
j  org.osgi.util.tracker.AbstractTracked.trackInitial()V+90
j  org.osgi.util.tracker.ServiceTracker.open(Z)V+198
j  org.osgi.util.tracker.ServiceTracker.open()V+2
j  org.eclipse.core.resources.ResourcesPlugin.start(Lorg/osgi/framework/BundleContext;)V+106
j  org.eclipse.osgi.internal.framework.BundleContextImpl$2.run()Ljava/lang/Void;+23
j  org.eclipse.osgi.internal.framework.BundleContextImpl$2.run()Ljava/lang/Object;+1
J 911 c1 java.security.AccessController.executePrivileged(Ljava/security/PrivilegedExceptionAction;Ljava/security/AccessControlContext;Ljava/lang/Class;)Ljava/lang/Object; java.base@17.0.11 (65 bytes) @ 0x00000226b3578434 [0x00000226b35782e0+0x0000000000000154]
j  java.security.AccessController.doPrivileged(Ljava/security/PrivilegedExceptionAction;)Ljava/lang/Object;+9 java.base@17.0.11
j  org.eclipse.osgi.internal.framework.BundleContextImpl.startActivator(Lorg/osgi/framework/BundleActivator;)V+9
j  org.eclipse.osgi.internal.framework.BundleContextImpl.start()V+134
j  org.eclipse.osgi.internal.framework.EquinoxBundle.startWorker0()V+35
j  org.eclipse.osgi.internal.framework.EquinoxBundle$EquinoxModule.startWorker()V+4
j  org.eclipse.osgi.container.Module.doStart([Lorg/eclipse/osgi/container/Module$StartOptions;)Lorg/eclipse/osgi/container/ModuleContainerAdaptor$ModuleEvent;+190
j  org.eclipse.osgi.container.Module.start([Lorg/eclipse/osgi/container/Module$StartOptions;)V+460
j  org.eclipse.osgi.framework.util.SecureAction.start(Lorg/eclipse/osgi/container/Module;[Lorg/eclipse/osgi/container/Module$StartOptions;)V+8
J 1868 c1 org.eclipse.osgi.internal.hooks.EclipseLazyStarter.postFindLocalClass(Ljava/lang/String;Ljava/lang/Class;Lorg/eclipse/osgi/internal/loader/classpath/ClasspathManager;)V (394 bytes) @ 0x00000226b375d5dc [0x00000226b375c660+0x0000000000000f7c]
J 1746 c1 org.eclipse.osgi.internal.loader.classpath.ClasspathManager.findLocalClass(Ljava/lang/String;)Ljava/lang/Class; (210 bytes) @ 0x00000226b371c5d4 [0x00000226b371b620+0x0000000000000fb4]
J 1744 c1 org.eclipse.osgi.internal.loader.BundleLoader.findLocalClass(Ljava/lang/String;)Ljava/lang/Class; (152 bytes) @ 0x00000226b371976c [0x00000226b3718f20+0x000000000000084c]
J 1661 c1 org.eclipse.osgi.internal.loader.BundleLoader.findClass0(Ljava/lang/String;ZZ)Ljava/lang/Class; (470 bytes) @ 0x00000226b36ee894 [0x00000226b36ec1a0+0x00000000000026f4]
J 1660 c1 org.eclipse.osgi.internal.loader.BundleLoader.findClass(Ljava/lang/String;)Ljava/lang/Class; (8 bytes) @ 0x00000226b36eb89c [0x00000226b36eb820+0x000000000000007c]
J 1663 c1 org.eclipse.osgi.internal.loader.ModuleClassLoader.loadClass(Ljava/lang/String;Z)Ljava/lang/Class; (36 bytes) @ 0x00000226b36f18bc [0x00000226b36f16a0+0x000000000000021c]
J 792 c1 java.lang.ClassLoader.loadClass(Ljava/lang/String;)Ljava/lang/Class; java.base@17.0.11 (7 bytes) @ 0x00000226b354683c [0x00000226b3546740+0x00000000000000fc]
v  ~StubRoutines::call_stub
j  java.lang.Class.getDeclaredConstructors0(Z)[Ljava/lang/reflect/Constructor;+0 java.base@17.0.11
j  java.lang.Class.privateGetDeclaredConstructors(Z)[Ljava/lang/reflect/Constructor;+52 java.base@17.0.11
j  java.lang.Class.getConstructor0([Ljava/lang/Class;I)Ljava/lang/reflect/Constructor;+14 java.base@17.0.11
j  java.lang.Class.getConstructor([Ljava/lang/Class;)Ljava/lang/reflect/Constructor;+24 java.base@17.0.11
j  org.eclipse.osgi.internal.framework.BundleContextImpl.loadBundleActivator()Lorg/osgi/framework/BundleActivator;+105
j  org.eclipse.osgi.internal.framework.BundleContextImpl.start()V+18
j  org.eclipse.osgi.internal.framework.EquinoxBundle.startWorker0()V+35
j  org.eclipse.osgi.internal.framework.EquinoxBundle$EquinoxModule.startWorker()V+4
j  org.eclipse.osgi.container.Module.doStart([Lorg/eclipse/osgi/container/Module$StartOptions;)Lorg/eclipse/osgi/container/ModuleContainerAdaptor$ModuleEvent;+190
j  org.eclipse.osgi.container.Module.start([Lorg/eclipse/osgi/container/Module$StartOptions;)V+460
j  org.eclipse.osgi.container.ModuleContainer$ContainerStartLevel$2.run()V+71
j  org.eclipse.osgi.internal.framework.EquinoxContainerAdaptor$1$1.execute(Ljava/lang/Runnable;)V+1
j  org.eclipse.osgi.container.ModuleContainer$ContainerStartLevel.incStartLevel(ILjava/util/List;Z)V+193
j  org.eclipse.osgi.container.ModuleContainer$ContainerStartLevel.incStartLevel(ILjava/util/List;Ljava/util/List;Ljava/util/List;Ljava/util/List;)V+19
j  org.eclipse.osgi.container.ModuleContainer$ContainerStartLevel.doContainerStartLevel(Lorg/eclipse/osgi/container/Module;I[Lorg/osgi/framework/FrameworkListener;)V+349
j  org.eclipse.osgi.container.ModuleContainer$ContainerStartLevel.dispatchEvent(Lorg/eclipse/osgi/container/Module;[Lorg/osgi/framework/FrameworkListener;ILjava/lang/Integer;)V+32
j  org.eclipse.osgi.container.ModuleContainer$ContainerStartLevel.dispatchEvent(Ljava/lang/Object;Ljava/lang/Object;ILjava/lang/Object;)V+15
j  org.eclipse.osgi.framework.eventmgr.EventManager.dispatchEvent(Ljava/util/Set;Lorg/eclipse/osgi/framework/eventmgr/EventDispatcher;ILjava/lang/Object;)V+48
j  org.eclipse.osgi.framework.eventmgr.EventManager$EventThread.run()V+26
v  ~StubRoutines::call_stub

Compiled method (n/a)    3301 1097     n 0       java.lang.ClassLoader::defineClass1 (native)
 total in heap  [0x00000226baf42e90,0x00000226baf432e8] = 1112
 relocation     [0x00000226baf42fe8,0x00000226baf43018] = 48
 main code      [0x00000226baf43020,0x00000226baf432e8] = 712

[Constant Pool (empty)]

[MachCode]
[Entry Point]
  # {method} {0x00000226c501de78} 'defineClass1' '(Ljava/lang/ClassLoader;Ljava/lang/String;[BIILjava/security/ProtectionDomain;Ljava/lang/String;)Ljava/lang/Class;' in 'java/lang/ClassLoader'
  # parm0:    rdx:rdx   = 'java/lang/ClassLoader'
  # parm1:    r8:r8     = 'java/lang/String'
  # parm2:    r9:r9     = '[B'
  # parm3:    rdi       = int
  # parm4:    rsi       = int
  # parm5:    rcx:rcx   = 'java/security/ProtectionDomain'
  # parm6:    [sp+0xa0]   = 'java/lang/String'  (sp of caller)
  0x00000226baf43020: 448b 5208 | 49c1 e203 | 493b c20f | 8407 0000 

  0x00000226baf43030: ;   {runtime_call ic_miss_stub}
  0x00000226baf43030: 00e9 4ae5 | a3ff 6690 
[Verified Entry Point]
  0x00000226baf43038: 8984 2400 | 90ff ff55 | 488b ec48 | 81ec 9000 | 0000 4881 | 7d10 0000 | 0000 488d | 4510 480f 
  0x00000226baf43058: 4445 1048 | 8944 2440 | 4889 4c24 | 7048 83f9 | 0048 8d44 | 2470 480f | 4444 2470 | 4889 4424 
  0x00000226baf43078: 3848 8974 | 2430 4889 | 7c24 284c | 894c 2458 | 4983 f900 | 488d 4424 | 5848 0f44 | 4424 5848 
  0x00000226baf43098: 8944 2420 | 4c89 4424 | 5049 83f8 | 004c 8d4c | 2450 4c0f | 444c 2450 | 4889 5424 | 4848 83fa 
  0x00000226baf430b8: 004c 8d44 | 2448 4c0f | 4444 2448 

  0x00000226baf430c4: ;   {oop(a 'java/lang/Class'{0x00000000c0000c88} = 'java/lang/ClassLoader')}
  0x00000226baf430c4: 49be 880c | 00c0 0000 | 0000 4c89 | 7424 784c | 8d74 2478 | 498b d6c5 

  0x00000226baf430dc: ;   {internal_word}
  0x00000226baf430dc: f877 49ba | db30 f4ba | 2602 0000 | 4d89 97a0 | 0200 0049 | 89a7 9802 

  0x00000226baf430f4: ;   {external_word}
  0x00000226baf430f4: 0000 49ba | 5835 138a | fc7f 0000 | 4180 3a00 | 0f84 5200 | 0000 5241 

  0x00000226baf4310c: ;   {metadata({method} {0x00000226c501de78} 'defineClass1' '(Ljava/lang/ClassLoader;Ljava/lang/String;[BIILjava/security/ProtectionDomain;Ljava/lang/String;)Ljava/lang/Class;' in 'java/lang/ClassLoader')}
  0x00000226baf4310c: 5041 5148 | ba70 de01 | c526 0200 | 0049 8bcf | 4883 ec20 | f7c4 0f00 | 0000 0f84 | 1a00 0000 
  0x00000226baf4312c: 4883 ec08 

  0x00000226baf43130: ;   {runtime_call}
  0x00000226baf43130: 49ba 6031 | c989 fc7f | 0000 41ff | d248 83c4 | 08e9 0d00 

  0x00000226baf43144: ;   {runtime_call}
  0x00000226baf43144: 0000 49ba | 6031 c989 | fc7f 0000 | 41ff d248 | 83c4 2041 | 5941 585a | 498d 8fb8 | 0200 0041 
  0x00000226baf43164: c787 4803 | 0000 0400 

  0x00000226baf4316c: ;   {runtime_call}
  0x00000226baf4316c: 0000 49ba | ac16 bebd | fc7f 0000 | 41ff d2c5 | f877 41c7 | 8748 0300 | 0005 0000 | 00f0 8344 
  0x00000226baf4318c: 24c0 0049 | 3baf 5003 | 0000 0f87 | 1100 0000 | 4181 bf38 | 0300 0000 | 0000 000f | 842c 0000 
  0x00000226baf431ac: 00c5 f877 | 4889 45f8 | 498b cf4c | 8be4 4883 | ec20 4883 

  0x00000226baf431c0: ;   {runtime_call}
  0x00000226baf431c0: e4f0 49ba | c045 d989 | fc7f 0000 | 41ff d249 | 8be4 4d33 | e448 8b45 | f841 c787 | 4803 0000 
  0x00000226baf431e0: 0800 0000 | 4181 bfb8 | 0300 0002 | 0000 000f | 84c5 0000 

  0x00000226baf431f4: ;   {external_word}
  0x00000226baf431f4: 0049 ba58 | 3513 8afc | 7f00 0041 | 803a 000f | 8450 0000 | 0048 8945 

  0x00000226baf4320c: ;   {metadata({method} {0x00000226c501de78} 'defineClass1' '(Ljava/lang/ClassLoader;Ljava/lang/String;[BIILjava/security/ProtectionDomain;Ljava/lang/String;)Ljava/lang/Class;' in 'java/lang/ClassLoader')}
  0x00000226baf4320c: f848 ba70 | de01 c526 | 0200 0049 | 8bcf 4883 | ec20 f7c4 | 0f00 0000 | 0f84 1a00 | 0000 4883 
  0x00000226baf4322c: ;   {runtime_call}
  0x00000226baf4322c: ec08 49ba | 6031 c989 | fc7f 0000 | 41ff d248 | 83c4 08e9 | 0d00 0000 

  0x00000226baf43244: ;   {runtime_call}
  0x00000226baf43244: 49ba 6031 | c989 fc7f | 0000 41ff | d248 83c4 | 2048 8b45 | f849 c787 | 9802 0000 | 0000 0000 
  0x00000226baf43264: 49c7 87a0 | 0200 0000 | 0000 00c5 | f877 4885 | c00f 8419 | 0000 0048 | f7c0 0100 | 0000 0f84 
  0x00000226baf43284: 0900 0000 | 488b 40ff | e903 0000 | 0048 8b00 | 498b 8fd8 | 0000 00c7 | 8100 0100 | 0000 0000 
  0x00000226baf432a4: 00c9 4981 | 7f08 0000 | 0000 0f85 | 0100 0000 

  0x00000226baf432b4: ;   {runtime_call StubRoutines (1)}
  0x00000226baf432b4: c3e9 46dc | 9eff c5f8 | 7748 8945 | f84c 8be4 | 4883 ec20 | 4883 e4f0 

  0x00000226baf432cc: ;   {runtime_call}
  0x00000226baf432cc: 49ba e061 | c989 fc7f | 0000 41ff | d249 8be4 | 4d33 e448 | 8b45 f8e9 | 0dff ffff 
[/MachCode]


Compiled method (c1)    3349 1707       3       java.lang.ClassLoader::defineClass (43 bytes)
 total in heap  [0x00000226b3704b10,0x00000226b3705450] = 2368
 relocation     [0x00000226b3704c68,0x00000226b3704d00] = 152
 main code      [0x00000226b3704d00,0x00000226b37051a0] = 1184
 stub code      [0x00000226b37051a0,0x00000226b3705218] = 120
 metadata       [0x00000226b3705218,0x00000226b3705248] = 48
 scopes data    [0x00000226b3705248,0x00000226b3705338] = 240
 scopes pcs     [0x00000226b3705338,0x00000226b3705418] = 224
 dependencies   [0x00000226b3705418,0x00000226b3705428] = 16
 nul chk table  [0x00000226b3705428,0x00000226b3705450] = 40

[Constant Pool (empty)]

[MachCode]
[Entry Point]
  # {method} {0x00000226c501dce8} 'defineClass' '(Ljava/lang/String;[BIILjava/security/ProtectionDomain;)Ljava/lang/Class;' in 'java/lang/ClassLoader'
  # this:     rdx:rdx   = 'java/lang/ClassLoader'
  # parm0:    r8:r8     = 'java/lang/String'
  # parm1:    r9:r9     = '[B'
  # parm2:    rdi       = int
  # parm3:    rsi       = int
  # parm4:    rcx:rcx   = 'java/security/ProtectionDomain'
  #           [sp+0xc0]  (sp of caller)
  0x00000226b3704d00: 448b 5208 | 49c1 e203 

  0x00000226b3704d08: ;   {runtime_call ic_miss_stub}
  0x00000226b3704d08: 4c3b d00f | 856f c827 | 0766 6666 | 0f1f 8400 | 0000 0000 | 6666 6690 
[Verified Entry Point]
  0x00000226b3704d20: 8984 2400 | 90ff ff55 | 4881 ecb0 | 0000 0048 | 8954 2478 

  0x00000226b3704d34: ;   {metadata(method data for {method} {0x00000226c501dce8} 'defineClass' '(Ljava/lang/String;[BIILjava/security/ProtectionDomain;)Ljava/lang/Class;' in 'java/lang/ClassLoader')}
  0x00000226b3704d34: 48bb 20cc | b1c5 2602 | 0000 8b83 | cc00 0000 | 83c0 0289 | 83cc 0000 | 0081 e0fe | 0700 0083 
  0x00000226b3704d54: f800 0f84 | 4e03 0000 | 89b4 2494 | 0000 0089 | bc24 9000 | 0000 4c89 | 8c24 8800 | 0000 488b 
  0x00000226b3704d74: ;   {metadata(method data for {method} {0x00000226c501dce8} 'defineClass' '(Ljava/lang/String;[BIILjava/security/ProtectionDomain;)Ljava/lang/Class;' in 'java/lang/ClassLoader')}
  0x00000226b3704d74: da48 b820 | ccb1 c526 | 0200 0048 | 8380 1001 | 0000 0149 | 8bd8 4c8b | c34c 8bc9 | 488b ca48 
  0x00000226b3704d94: 8bd1 4889 | 9c24 8000 

  0x00000226b3704d9c: ;   {optimized virtual_call}
  0x00000226b3704d9c: 0000 90e8 

  0x00000226b3704da0: ; ImmutableOopMap {[120]=Oop [136]=Oop [128]=Oop }
                      ;*invokevirtual preDefineClass {reexecute=0 rethrow=0 return_oop=0}
                      ; - java.lang.ClassLoader::defineClass@4
  0x00000226b3704da0: 7c72 edff | 4889 8424 | 9800 0000 | 488b 5424 

  0x00000226b3704db0: ;   {metadata(method data for {method} {0x00000226c501dce8} 'defineClass' '(Ljava/lang/String;[BIILjava/security/ProtectionDomain;)Ljava/lang/Class;' in 'java/lang/ClassLoader')}
  0x00000226b3704db0: 7849 b820 | ccb1 c526 | 0200 0049 | 8380 4801 

  0x00000226b3704dc0: ;   {metadata(method data for {method} {0x00000226c501db70} 'defineClassSourceLocation' '(Ljava/security/ProtectionDomain;)Ljava/lang/String;' in 'java/lang/ClassLoader')}
  0x00000226b3704dc0: 0000 0149 | b838 d3b1 | c526 0200 | 0041 8b90 | cc00 0000 | 83c2 0241 | 8990 cc00 | 0000 81e2 
  0x00000226b3704de0: feff 1f00 | 83fa 000f | 84de 0200 | 0048 3b00 

  0x00000226b3704df0: ;   {metadata(method data for {method} {0x00000226c501db70} 'defineClassSourceLocation' '(Ljava/security/ProtectionDomain;)Ljava/lang/String;' in 'java/lang/ClassLoader')}
  0x00000226b3704df0: 4c8b c048 | ba38 d3b1 | c526 0200 | 0048 8382 | 1001 0000 | 0144 8b40 | 1049 83f8 

  0x00000226b3704e0c: ;   {metadata(method data for {method} {0x00000226c501db70} 'defineClassSourceLocation' '(Ljava/security/ProtectionDomain;)Ljava/lang/String;' in 'java/lang/ClassLoader')}
  0x00000226b3704e0c: 0048 ba38 | d3b1 c526 | 0200 0048 | be58 0100 | 0000 0000 | 000f 850a | 0000 0048 | be48 0100 
  0x00000226b3704e2c: 0000 0000 | 0048 8b3c | 3248 8d7f | 0148 893c | 320f 850f 

  0x00000226b3704e40: ;   {oop(NULL)}
  0x00000226b3704e40: 0000 0048 | bb00 0000 | 0000 0000 | 00e9 ad01 | 0000 493b | 0049 8bd0 

  0x00000226b3704e58: ;   {metadata(method data for {method} {0x00000226c501db70} 'defineClassSourceLocation' '(Ljava/security/ProtectionDomain;)Ljava/lang/String;' in 'java/lang/ClassLoader')}
  0x00000226b3704e58: 48be 38d3 | b1c5 2602 | 0000 4883 | 8668 0100 | 0001 418b | 500c 4883 

  0x00000226b3704e70: ;   {metadata(method data for {method} {0x00000226c501db70} 'defineClassSourceLocation' '(Ljava/security/ProtectionDomain;)Ljava/lang/String;' in 'java/lang/ClassLoader')}
  0x00000226b3704e70: fa00 48be | 38d3 b1c5 | 2602 0000 | 48bf b001 | 0000 0000 | 0000 0f85 | 0a00 0000 | 48bf a001 
  0x00000226b3704e90: 0000 0000 | 0000 488b | 1c3e 488d | 5b01 4889 | 1c3e 0f85 | 0f00 0000 

  0x00000226b3704ea8: ;   {oop(NULL)}
  0x00000226b3704ea8: 48bb 0000 | 0000 0000 | 0000 e948 

  0x00000226b3704eb4: ;   {metadata(method data for {method} {0x00000226c501db70} 'defineClassSourceLocation' '(Ljava/security/ProtectionDomain;)Ljava/lang/String;' in 'java/lang/ClassLoader')}
  0x00000226b3704eb4: 0100 0048 | be38 d3b1 | c526 0200 | 0048 8386 | c001 0000 | 0148 3b02 

  0x00000226b3704ecc: ;   {metadata(method data for {method} {0x00000226c501db70} 'defineClassSourceLocation' '(Ljava/security/ProtectionDomain;)Ljava/lang/String;' in 'java/lang/ClassLoader')}
  0x00000226b3704ecc: 4c8b c248 | be38 d3b1 | c526 0200 | 0048 8386 | f801 0000 

  0x00000226b3704ee0: ;   {metadata(method data for {method} {0x00000226c50ba590} 'toString' '()Ljava/lang/String;' in 'java/net/URL')}
  0x00000226b3704ee0: 0149 b890 | c6b1 c526 | 0200 0041 | 8bb0 cc00 | 0000 83c6 | 0241 89b0 | cc00 0000 | 81e6 feff 
  0x00000226b3704f00: 1f00 83fe | 000f 84f0 | 0100 004c 

  0x00000226b3704f0c: ;   {metadata(method data for {method} {0x00000226c50ba590} 'toString' '()Ljava/lang/String;' in 'java/net/URL')}
  0x00000226b3704f0c: 8bc2 48be | 90c6 b1c5 | 2602 0000 | 4883 8610 | 0100 0001 

  0x00000226b3704f20: ;   {metadata(method data for {method} {0x00000226c50ba628} 'toExternalForm' '()Ljava/lang/String;' in 'java/net/URL')}
  0x00000226b3704f20: 49b8 083d | b1c5 2602 | 0000 418b | b0cc 0000 | 0083 c602 | 4189 b0cc | 0000 0081 | e6fe ff1f 
  0x00000226b3704f40: 0083 fe00 | 0f84 d201 | 0000 8b72 | 3848 3b06 

  0x00000226b3704f50: ;   {metadata(method data for {method} {0x00000226c50ba628} 'toExternalForm' '()Ljava/lang/String;' in 'java/net/URL')}
  0x00000226b3704f50: 4c8b c648 | bf08 3db1 | c526 0200 | 0045 8b40 | 0849 c1e0 | 034c 3b87 | 2001 0000 | 750d 4883 
  0x00000226b3704f70: 8728 0100 | 0001 e966 | 0000 004c | 3b87 3001 | 0000 750d | 4883 8738 | 0100 0001 | e950 0000 
  0x00000226b3704f90: 0048 81bf | 2001 0000 | 0000 0000 | 7517 4c89 | 8720 0100 | 0048 c787 | 2801 0000 | 0100 0000 
  0x00000226b3704fb0: e92c 0000 | 0048 81bf | 3001 0000 | 0000 0000 | 7517 4c89 | 8730 0100 | 0048 c787 | 3801 0000 
  0x00000226b3704fd0: 0100 0000 | e908 0000 | 0048 8387 | 1001 0000 | 014c 8bc2 | 488b d666 | 0f1f 4400 | 0048 b8d0 
  0x00000226b3704ff0: 1002 0001 

  0x00000226b3704ff4: ;   {virtual_call}
  0x00000226b3704ff4: 0000 00e8 

  0x00000226b3704ff8: ; ImmutableOopMap {[120]=Oop [136]=Oop [128]=Oop [152]=Oop }
                      ;*invokevirtual toExternalForm {reexecute=0 rethrow=0 return_oop=0}
                      ; - java.net.URL::toExternalForm@5
                      ; - java.net.URL::toString@1
                      ; - java.lang.ClassLoader::defineClassSourceLocation@22
                      ; - java.lang.ClassLoader::defineClass@12
  0x00000226b3704ff8: a4c2 ebff | 488b d848 | 8b84 2498 | 0000 008b | b424 9400 | 0000 8bbc | 2490 0000 | 004c 8b8c 
  0x00000226b3705018: 2488 0000 | 004c 8b84 | 2480 0000 | 0048 8b54 

  0x00000226b3705028: ;   {metadata(method data for {method} {0x00000226c501dce8} 'defineClass' '(Ljava/lang/String;[BIILjava/security/ProtectionDomain;)Ljava/lang/Class;' in 'java/lang/ClassLoader')}
  0x00000226b3705028: 2478 48b9 | 20cc b1c5 | 2602 0000 | 4883 8180 | 0100 0001 | 4c8b da49 | 8bd3 488b | c848 891c 
  0x00000226b3705048: 2466 0f1f 

  0x00000226b370504c: ;   {static_call}
  0x00000226b370504c: 4400 00e8 

  0x00000226b3705050: ; ImmutableOopMap {[152]=Oop [120]=Oop }
                      ;*invokestatic defineClass1 {reexecute=0 rethrow=0 return_oop=0}
                      ; - java.lang.ClassLoader::defineClass@27
  0x00000226b3705050: e4df 8307 | 488b 5424 

  0x00000226b3705058: ;   {metadata(method data for {method} {0x00000226c501dce8} 'defineClass' '(Ljava/lang/String;[BIILjava/security/ProtectionDomain;)Ljava/lang/Class;' in 'java/lang/ClassLoader')}
  0x00000226b3705058: 7849 b820 | ccb1 c526 | 0200 0049 | 8380 9001 | 0000 014c | 8bc0 4c8b | 8c24 9800 | 0000 488b 
  0x00000226b3705078: 5424 7848 | 8984 24a0 | 0000 000f 

  0x00000226b3705084: ;   {optimized virtual_call}
  0x00000226b3705084: 1f40 00e8 

  0x00000226b3705088: ; ImmutableOopMap {[160]=Oop }
                      ;*invokevirtual postDefineClass {reexecute=0 rethrow=0 return_oop=0}
                      ; - java.lang.ClassLoader::defineClass@37
  0x00000226b3705088: 945e f4ff | 488b 8424 | a000 0000 | 4881 c4b0 | 0000 005d 

  0x00000226b370509c: ;   {poll_return}
  0x00000226b370509c: 493b a750 | 0300 000f | 8799 0000 

  0x00000226b37050a8: ;   {metadata({method} {0x00000226c501dce8} 'defineClass' '(Ljava/lang/String;[BIILjava/security/ProtectionDomain;)Ljava/lang/Class;' in 'java/lang/ClassLoader')}
  0x00000226b37050a8: 00c3 49ba | e0dc 01c5 | 2602 0000 | 4c89 5424 | 0848 c704 | 24ff ffff 

  0x00000226b37050c0: ;   {runtime_call counter_overflow Runtime1 stub}
  0x00000226b37050c0: ffe8 ba74 

  0x00000226b37050c4: ; ImmutableOopMap {rdx=Oop [120]=Oop r8=Oop r9=Oop rcx=Oop }
                      ;*synchronization entry
                      ; - java.lang.ClassLoader::defineClass@-1
  0x00000226b37050c4: 3207 e991 

  0x00000226b37050c8: ;   {metadata({method} {0x00000226c501db70} 'defineClassSourceLocation' '(Ljava/security/ProtectionDomain;)Ljava/lang/String;' in 'java/lang/ClassLoader')}
  0x00000226b37050c8: fcff ff49 | ba68 db01 | c526 0200 | 004c 8954 | 2408 48c7 | 0424 ffff 

  0x00000226b37050e0: ;   {runtime_call counter_overflow Runtime1 stub}
  0x00000226b37050e0: ffff e899 

  0x00000226b37050e4: ; ImmutableOopMap {[120]=Oop [136]=Oop [128]=Oop rax=Oop [152]=Oop }
                      ;*synchronization entry
                      ; - java.lang.ClassLoader::defineClassSourceLocation@-1
                      ; - java.lang.ClassLoader::defineClass@12
  0x00000226b37050e4: 7432 07e9 | 01fd ffff 

  0x00000226b37050ec: ;   {runtime_call throw_null_pointer_exception Runtime1 stub}
  0x00000226b37050ec: e82f 1232 

  0x00000226b37050f0: ; ImmutableOopMap {[120]=Oop [136]=Oop [128]=Oop rax=Oop [152]=Oop }
                      ;*invokevirtual getCodeSource {reexecute=0 rethrow=0 return_oop=0}
                      ; - java.lang.ClassLoader::defineClassSourceLocation@1
                      ; - java.lang.ClassLoader::defineClass@12
                      ;   {runtime_call throw_null_pointer_exception Runtime1 stub}
  0x00000226b37050f0: 07e8 2a12 

  0x00000226b37050f4: ; ImmutableOopMap {[120]=Oop [136]=Oop [128]=Oop rax=Oop [152]=Oop r8=Oop }
                      ;*invokevirtual getLocation {reexecute=0 rethrow=0 return_oop=0}
                      ; - java.lang.ClassLoader::defineClassSourceLocation@12
                      ; - java.lang.ClassLoader::defineClass@12
                      ;   {runtime_call throw_null_pointer_exception Runtime1 stub}
  0x00000226b37050f4: 3207 e825 

  0x00000226b37050f8: ; ImmutableOopMap {[120]=Oop [136]=Oop [128]=Oop [152]=Oop rdx=Oop }
                      ;*invokevirtual toString {reexecute=0 rethrow=0 return_oop=0}
                      ; - java.lang.ClassLoader::defineClassSourceLocation@22
                      ; - java.lang.ClassLoader::defineClass@12
                      ;   {metadata({method} {0x00000226c50ba590} 'toString' '()Ljava/lang/String;' in 'java/net/URL')}
  0x00000226b37050f8: 1232 0749 | ba88 a50b | c526 0200 | 004c 8954 | 2408 48c7 | 0424 ffff 

  0x00000226b3705110: ;   {runtime_call counter_overflow Runtime1 stub}
  0x00000226b3705110: ffff e869 

  0x00000226b3705114: ; ImmutableOopMap {[120]=Oop [136]=Oop [128]=Oop [152]=Oop rdx=Oop }
                      ;*synchronization entry
                      ; - java.net.URL::toString@-1
                      ; - java.lang.ClassLoader::defineClassSourceLocation@22
                      ; - java.lang.ClassLoader::defineClass@12
  0x00000226b3705114: 7432 07e9 | effd ffff 

  0x00000226b370511c: ;   {metadata({method} {0x00000226c50ba628} 'toExternalForm' '()Ljava/lang/String;' in 'java/net/URL')}
  0x00000226b370511c: 49ba 20a6 | 0bc5 2602 | 0000 4c89 | 5424 0848 | c704 24ff 

  0x00000226b3705130: ;   {runtime_call counter_overflow Runtime1 stub}
  0x00000226b3705130: ffff ffe8 

  0x00000226b3705134: ; ImmutableOopMap {[120]=Oop [136]=Oop [128]=Oop [152]=Oop rdx=Oop }
                      ;*synchronization entry
                      ; - java.net.URL::toExternalForm@-1
                      ; - java.net.URL::toString@1
                      ; - java.lang.ClassLoader::defineClassSourceLocation@22
                      ; - java.lang.ClassLoader::defineClass@12
  0x00000226b3705134: 4874 3207 | e90d feff 

  0x00000226b370513c: ;   {runtime_call throw_null_pointer_exception Runtime1 stub}
  0x00000226b370513c: ffe8 de11 

  0x00000226b3705140: ; ImmutableOopMap {[120]=Oop [136]=Oop [128]=Oop [152]=Oop rdx=Oop rsi=Oop }
                      ;*invokevirtual toExternalForm {reexecute=0 rethrow=0 return_oop=0}
                      ; - java.net.URL::toExternalForm@5
                      ; - java.net.URL::toString@1
                      ; - java.lang.ClassLoader::defineClassSourceLocation@22
                      ; - java.lang.ClassLoader::defineClass@12
                      ;   {internal_word}
  0x00000226b3705140: 3207 49ba | 9c50 70b3 | 2602 0000 | 4d89 9768 

  0x00000226b3705150: ;   {runtime_call SafepointBlob}
  0x00000226b3705150: 0300 00e9 | 283b 2807 | 9090 498b | 87e0 0300 | 0049 c787 | e003 0000 | 0000 0000 | 49c7 87e8 
  0x00000226b3705170: 0300 0000 | 0000 0048 | 81c4 b000 

  0x00000226b370517c: ;   {runtime_call unwind_exception Runtime1 stub}
  0x00000226b370517c: 0000 5de9 | 7c31 2907 | f4f4 f4f4 | f4f4 f4f4 | f4f4 f4f4 | f4f4 f4f4 | f4f4 f4f4 | f4f4 f4f4 
  0x00000226b370519c: f4f4 f4f4 
[Stub Code]
  0x00000226b37051a0: ;   {no_reloc}
  0x00000226b37051a0: 0f1f 4400 

  0x00000226b37051a4: ;   {static_stub}
  0x00000226b37051a4: 0048 bb00 | 0000 0000 

  0x00000226b37051ac: ;   {runtime_call}
  0x00000226b37051ac: 0000 00e9 | fbff ffff 

  0x00000226b37051b4: ;   {static_stub}
  0x00000226b37051b4: 9048 bb00 | 0000 0000 

  0x00000226b37051bc: ;   {runtime_call}
  0x00000226b37051bc: 0000 00e9 | fbff ffff 

  0x00000226b37051c4: ;   {static_stub}
  0x00000226b37051c4: 9048 bb00 | 0000 0000 

  0x00000226b37051cc: ;   {runtime_call}
  0x00000226b37051cc: 0000 00e9 | fbff ffff 

  0x00000226b37051d4: ;   {static_stub}
  0x00000226b37051d4: 9048 bb00 | 0000 0000 

  0x00000226b37051dc: ;   {runtime_call}
  0x00000226b37051dc: 0000 00e9 | fbff ffff 
[Exception Handler]
  0x00000226b37051e4: ;   {runtime_call handle_exception_from_callee Runtime1 stub}
  0x00000226b37051e4: e817 3732 

  0x00000226b37051e8: ;   {external_word}
  0x00000226b37051e8: 0748 b930 | 9aed 89fc | 7f00 0048 

  0x00000226b37051f4: ;   {runtime_call}
  0x00000226b37051f4: 83e4 f049 | ba40 2bb6 | 89fc 7f00 | 0041 ffd2 

  0x00000226b3705204: ;   {section_word}
  0x00000226b3705204: f449 ba05 | 5270 b326 | 0200 0041 

  0x00000226b3705210: ;   {runtime_call DeoptimizationBlob}
  0x00000226b3705210: 52e9 0a4f | 2807 f4f4 
[/MachCode]


Compiled method (c1)    3478 1489       3       java.security.SecureClassLoader::defineClass (16 bytes)
 total in heap  [0x00000226b369bd10,0x00000226b369c100] = 1008
 relocation     [0x00000226b369be68,0x00000226b369beb0] = 72
 main code      [0x00000226b369bec0,0x00000226b369c000] = 320
 stub code      [0x00000226b369c000,0x00000226b369c058] = 88
 metadata       [0x00000226b369c058,0x00000226b369c060] = 8
 scopes data    [0x00000226b369c060,0x00000226b369c0a8] = 72
 scopes pcs     [0x00000226b369c0a8,0x00000226b369c0f8] = 80
 dependencies   [0x00000226b369c0f8,0x00000226b369c100] = 8

[Constant Pool (empty)]

[MachCode]
[Entry Point]
  # {method} {0x00000226c5031ce8} 'defineClass' '(Ljava/lang/String;[BIILjava/security/CodeSource;)Ljava/lang/Class;' in 'java/security/SecureClassLoader'
  # this:     rdx:rdx   = 'java/security/SecureClassLoader'
  # parm0:    r8:r8     = 'java/lang/String'
  # parm1:    r9:r9     = '[B'
  # parm2:    rdi       = int
  # parm3:    rsi       = int
  # parm4:    rcx:rcx   = 'java/security/CodeSource'
  #           [sp+0x80]  (sp of caller)
  0x00000226b369bec0: 448b 5208 | 49c1 e203 

  0x00000226b369bec8: ;   {runtime_call ic_miss_stub}
  0x00000226b369bec8: 4c3b d00f | 85af 562e | 0766 6666 | 0f1f 8400 | 0000 0000 | 6666 6690 
[Verified Entry Point]
  0x00000226b369bee0: 8984 2400 | 90ff ff55 | 4883 ec70 

  0x00000226b369beec: ;   {metadata(method data for {method} {0x00000226c5031ce8} 'defineClass' '(Ljava/lang/String;[BIILjava/security/CodeSource;)Ljava/lang/Class;' in 'java/security/SecureClassLoader')}
  0x00000226b369beec: 48bb d0bc | b5c5 2602 | 0000 8b83 | cc00 0000 | 83c0 0289 | 83cc 0000 | 0081 e0fe | 0700 0083 
  0x00000226b369bf0c: f800 0f84 | 8b00 0000 | 8974 245c | 897c 2458 | 4c89 4c24 | 504c 8944 | 2448 488b 

  0x00000226b369bf28: ;   {metadata(method data for {method} {0x00000226c5031ce8} 'defineClass' '(Ljava/lang/String;[BIILjava/security/CodeSource;)Ljava/lang/Class;' in 'java/security/SecureClassLoader')}
  0x00000226b369bf28: da48 b8d0 | bcb5 c526 | 0200 0048 | 8380 1001 | 0000 014c | 8bc1 488b | c248 8bd0 | 4889 4424 
  0x00000226b369bf48: 4066 0f1f 

  0x00000226b369bf4c: ;   {optimized virtual_call}
  0x00000226b369bf4c: 4400 00e8 

  0x00000226b369bf50: ; ImmutableOopMap {[80]=Oop [64]=Oop [72]=Oop }
                      ;*invokevirtual getProtectionDomain {reexecute=0 rethrow=0 return_oop=0}
                      ; - java.security.SecureClassLoader::defineClass@9
  0x00000226b369bf50: b100 0000 | 488b 5424 

  0x00000226b369bf58: ;   {metadata(method data for {method} {0x00000226c5031ce8} 'defineClass' '(Ljava/lang/String;[BIILjava/security/CodeSource;)Ljava/lang/Class;' in 'java/security/SecureClassLoader')}
  0x00000226b369bf58: 4049 b8d0 | bcb5 c526 | 0200 0049 | 8380 4801 | 0000 014c | 8b44 2448 | 4c8b 4c24 | 508b 7c24 
  0x00000226b369bf78: 588b 7424 | 5c48 8bc8 | 488b 5424 

  0x00000226b369bf84: ;   {optimized virtual_call}
  0x00000226b369bf84: 4066 90e8 

  0x00000226b369bf88: ; ImmutableOopMap {}
                      ;*invokevirtual defineClass {reexecute=0 rethrow=0 return_oop=0}
                      ; - java.security.SecureClassLoader::defineClass@12
  0x00000226b369bf88: 948d 0600 | 4883 c470 

  0x00000226b369bf90: ;   {poll_return}
  0x00000226b369bf90: 5d49 3ba7 | 5003 0000 | 0f87 2200 

  0x00000226b369bf9c: ;   {metadata({method} {0x00000226c5031ce8} 'defineClass' '(Ljava/lang/String;[BIILjava/security/CodeSource;)Ljava/lang/Class;' in 'java/security/SecureClassLoader')}
  0x00000226b369bf9c: 0000 c349 | bae0 1c03 | c526 0200 | 004c 8954 | 2408 48c7 | 0424 ffff 

  0x00000226b369bfb4: ;   {runtime_call counter_overflow Runtime1 stub}
  0x00000226b369bfb4: ffff e8c5 

  0x00000226b369bfb8: ; ImmutableOopMap {rdx=Oop r8=Oop r9=Oop rcx=Oop }
                      ;*synchronization entry
                      ; - java.security.SecureClassLoader::defineClass@-1
  0x00000226b369bfb8: 0539 07e9 | 54ff ffff 

  0x00000226b369bfc0: ;   {internal_word}
  0x00000226b369bfc0: 49ba 91bf | 69b3 2602 | 0000 4d89 | 9768 0300 

  0x00000226b369bfd0: ;   {runtime_call SafepointBlob}
  0x00000226b369bfd0: 00e9 aacc | 2e07 9090 | 498b 87e0 | 0300 0049 | c787 e003 | 0000 0000 | 0000 49c7 | 87e8 0300 
  0x00000226b369bff0: 0000 0000 | 0048 83c4 

  0x00000226b369bff8: ;   {runtime_call unwind_exception Runtime1 stub}
  0x00000226b369bff8: 705d e901 | c32f 07f4 
[Stub Code]
  0x00000226b369c000: ;   {no_reloc}
  0x00000226b369c000: 0f1f 4400 

  0x00000226b369c004: ;   {static_stub}
  0x00000226b369c004: 0048 bbb8 | 1e03 c526 

  0x00000226b369c00c: ;   {runtime_call I2C/C2I adapters}
  0x00000226b369c00c: 0200 00e9 | 40b2 2e07 

  0x00000226b369c014: ;   {static_stub}
  0x00000226b369c014: 9048 bbe0 | dc01 c526 

  0x00000226b369c01c: ;   {runtime_call I2C/C2I adapters}
  0x00000226b369c01c: 0200 00e9 | bec2 2d07 
[Exception Handler]
  0x00000226b369c024: ;   {runtime_call handle_exception_from_callee Runtime1 stub}
  0x00000226b369c024: e8d7 c838 

  0x00000226b369c028: ;   {external_word}
  0x00000226b369c028: 0748 b930 | 9aed 89fc | 7f00 0048 

  0x00000226b369c034: ;   {runtime_call}
  0x00000226b369c034: 83e4 f049 | ba40 2bb6 | 89fc 7f00 | 0041 ffd2 

  0x00000226b369c044: ;   {section_word}
  0x00000226b369c044: f449 ba45 | c069 b326 | 0200 0041 

  0x00000226b369c050: ;   {runtime_call DeoptimizationBlob}
  0x00000226b369c050: 52e9 cae0 | 2e07 f4f4 
[/MachCode]


---------------  P R O C E S S  ---------------

Threads class SMR info:
_java_thread_list=0x00000226cb207be0, length=18, elements={
0x00000226b07dee80, 0x00000226c90b87e0, 0x00000226c90b9b90, 0x00000226c45fe0d0,
0x00000226c45fe9a0, 0x00000226c90f7ba0, 0x00000226c90fc8b0, 0x00000226c90e1dd0,
0x00000226c9100e50, 0x00000226c90e26e0, 0x00000226c91ef850, 0x00000226c93fddd0,
0x00000226cae703d0, 0x00000226cadcb1f0, 0x00000226cb361f40, 0x00000226cb3619b0,
0x00000226cb0f8580, 0x00000226caa62a30
}

Java Threads: ( => current thread )
  0x00000226b07dee80 JavaThread "main" [_thread_blocked, id=24480, stack(0x000000c03d900000,0x000000c03da00000)]
  0x00000226c90b87e0 JavaThread "Reference Handler" daemon [_thread_blocked, id=3516, stack(0x000000c03dc00000,0x000000c03dd00000)]
  0x00000226c90b9b90 JavaThread "Finalizer" daemon [_thread_blocked, id=15036, stack(0x000000c03dd00000,0x000000c03de00000)]
  0x00000226c45fe0d0 JavaThread "Signal Dispatcher" daemon [_thread_blocked, id=4060, stack(0x000000c03de00000,0x000000c03df00000)]
  0x00000226c45fe9a0 JavaThread "Attach Listener" daemon [_thread_blocked, id=12420, stack(0x000000c03df00000,0x000000c03e000000)]
  0x00000226c90f7ba0 JavaThread "Service Thread" daemon [_thread_blocked, id=15228, stack(0x000000c03e000000,0x000000c03e100000)]
  0x00000226c90fc8b0 JavaThread "Monitor Deflation Thread" daemon [_thread_blocked, id=23652, stack(0x000000c03e100000,0x000000c03e200000)]
  0x00000226c90e1dd0 JavaThread "C2 CompilerThread0" daemon [_thread_blocked, id=8692, stack(0x000000c03e200000,0x000000c03e300000)]
  0x00000226c9100e50 JavaThread "C1 CompilerThread0" daemon [_thread_blocked, id=13840, stack(0x000000c03e300000,0x000000c03e400000)]
  0x00000226c90e26e0 JavaThread "Sweeper thread" daemon [_thread_blocked, id=20004, stack(0x000000c03e400000,0x000000c03e500000)]
  0x00000226c91ef850 JavaThread "Common-Cleaner" daemon [_thread_blocked, id=23636, stack(0x000000c03e500000,0x000000c03e600000)]
  0x00000226c93fddd0 JavaThread "Notification Thread" daemon [_thread_blocked, id=9240, stack(0x000000c03e600000,0x000000c03e700000)]
  0x00000226cae703d0 JavaThread "Active Thread: Equinox Container: c599734c-def7-452f-8d6f-1e88ba7d67e4" [_thread_blocked, id=3432, stack(0x000000c03ef00000,0x000000c03f000000)]
  0x00000226cadcb1f0 JavaThread "Framework Event Dispatcher: Equinox Container: c599734c-def7-452f-8d6f-1e88ba7d67e4" daemon [_thread_blocked, id=13792, stack(0x000000c03f000000,0x000000c03f100000)]
=>0x00000226cb361f40 JavaThread "Start Level: Equinox Container: c599734c-def7-452f-8d6f-1e88ba7d67e4" daemon [_thread_in_vm, id=9016, stack(0x000000c03f100000,0x000000c03f200000)]
  0x00000226cb3619b0 JavaThread "SCR Component Actor" daemon [_thread_blocked, id=6816, stack(0x000000c03f200000,0x000000c03f300000)]
  0x00000226cb0f8580 JavaThread "SCR Component Registry" daemon [_thread_blocked, id=18568, stack(0x000000c03ee00000,0x000000c03ef00000)]
  0x00000226caa62a30 JavaThread "Worker-JM" [_thread_blocked, id=17232, stack(0x000000c03f400000,0x000000c03f500000)]

Other Threads:
  0x00000226c45e5430 VMThread "VM Thread" [stack: 0x000000c03db00000,0x000000c03dc00000] [id=10672]
  0x00000226c93fe2b0 WatcherThread [stack: 0x000000c03e700000,0x000000c03e800000] [id=13652]
  0x00000226b07ee250 GCTaskThread "GC Thread#0" [stack: 0x000000c03da00000,0x000000c03db00000] [id=19936]
  0x00000226caf9fca0 GCTaskThread "GC Thread#1" [stack: 0x000000c03e800000,0x000000c03e900000] [id=23672]
  0x00000226caf9b040 GCTaskThread "GC Thread#2" [stack: 0x000000c03e900000,0x000000c03ea00000] [id=2364]
  0x00000226caacc240 GCTaskThread "GC Thread#3" [stack: 0x000000c03ea00000,0x000000c03eb00000] [id=22052]
  0x00000226caacc500 GCTaskThread "GC Thread#4" [stack: 0x000000c03eb00000,0x000000c03ec00000] [id=21240]
  0x00000226caf22090 GCTaskThread "GC Thread#5" [stack: 0x000000c03ec00000,0x000000c03ed00000] [id=11880]
  0x00000226caf26850 GCTaskThread "GC Thread#6" [stack: 0x000000c03ed00000,0x000000c03ee00000] [id=10136]
  0x00000226ca9284c0 GCTaskThread "GC Thread#7" [stack: 0x000000c03f300000,0x000000c03f400000] [id=13664]

Threads with active compile tasks:

VM state: not at safepoint (normal execution)

VM Mutex/Monitor currently owned by a thread:  ([mutex/lock_event])
[0x00000226b07dad50] Metaspace_lock - owner thread: 0x00000226cb361f40

Heap address: 0x00000000c0000000, size: 1024 MB, Compressed Oops mode: 32-bit

CDS archive(s) not mapped
Compressed class space mapped at: 0x0000000100000000-0x0000000140000000, reserved size: 1073741824
Narrow klass base: 0x0000000000000000, Narrow klass shift: 3, Narrow klass range: 0x140000000

GC Precious Log:
 CPUs: 8 total, 8 available
 Memory: 16092M
 Large Page Support: Disabled
 NUMA Support: Disabled
 Compressed Oops: Enabled (32-bit)
 Alignments: Space 512K, Generation 512K, Heap 2M
 Heap Min Capacity: 100M
 Heap Initial Capacity: 100M
 Heap Max Capacity: 1G
 Pre-touch: Disabled
 Parallel Workers: 8

Heap:
 PSYoungGen      total 29696K, used 23614K [0x00000000eab00000, 0x00000000ecc00000, 0x0000000100000000)
  eden space 25600K, 76% used [0x00000000eab00000,0x00000000ebe145c0,0x00000000ec400000)
  from space 4096K, 99% used [0x00000000ec800000,0x00000000ecbfb538,0x00000000ecc00000)
  to   space 4096K, 0% used [0x00000000ec400000,0x00000000ec400000,0x00000000ec800000)
 ParOldGen       total 68608K, used 952K [0x00000000c0000000, 0x00000000c4300000, 0x00000000eab00000)
  object space 68608K, 1% used [0x00000000c0000000,0x00000000c00ee350,0x00000000c4300000)
 Metaspace       used 18660K, committed 19008K, reserved 1114112K
  class space    used 1904K, committed 2048K, reserved 1048576K

Card table byte_map: [0x00000226b0100000,0x00000226b0310000] _byte_map_base: 0x00000226afb00000

Marking Bits: (ParMarkBitMap*) 0x00007ffc8a14d820
 Begin Bits: [0x00000226c2400000, 0x00000226c3400000)
 End Bits:   [0x00000226c3400000, 0x00000226c4400000)

Polling page: 0x00000226ae210000

Metaspace:

Usage:
  Non-class:     16.36 MB used.
      Class:      1.86 MB used.
       Both:     18.22 MB used.

Virtual space:
  Non-class space:       64.00 MB reserved,      16.56 MB ( 26%) committed,  1 nodes.
      Class space:        1.00 GB reserved,       2.00 MB ( <1%) committed,  1 nodes.
             Both:        1.06 GB reserved,      18.56 MB (  2%) committed. 

Chunk freelists:
   Non-Class:  14.92 MB
       Class:  13.94 MB
        Both:  28.86 MB

MaxMetaspaceSize: unlimited
CompressedClassSpaceSize: 1.00 GB
Initial GC threshold: 21.00 MB
Current GC threshold: 21.00 MB
CDS: off
MetaspaceReclaimPolicy: balanced
 - commit_granule_bytes: 65536.
 - commit_granule_words: 8192.
 - virtual_space_node_default_size: 8388608.
 - enlarge_chunks_in_place: 1.
 - new_chunks_are_fully_committed: 0.
 - uncommit_free_chunks: 1.
 - use_allocation_guard: 0.
 - handle_deallocations: 1.


Internal statistics:

num_allocs_failed_limit: 0.
num_arena_births: 172.
num_arena_deaths: 0.
num_vsnodes_births: 2.
num_vsnodes_deaths: 0.
num_space_committed: 297.
num_space_uncommitted: 0.
num_chunks_returned_to_freelist: 0.
num_chunks_taken_from_freelist: 548.
num_chunk_merges: 0.
num_chunk_splits: 344.
num_chunks_enlarged: 253.
num_inconsistent_stats: 0.

CodeHeap 'non-profiled nmethods': size=120000Kb used=831Kb max_used=831Kb free=119168Kb
 bounds [0x00000226baed0000, 0x00000226bb140000, 0x00000226c2400000]
CodeHeap 'profiled nmethods': size=120000Kb used=3658Kb max_used=3658Kb free=116341Kb
 bounds [0x00000226b3400000, 0x00000226b37a0000, 0x00000226ba930000]
CodeHeap 'non-nmethods': size=5760Kb used=1190Kb max_used=1207Kb free=4569Kb
 bounds [0x00000226ba930000, 0x00000226baba0000, 0x00000226baed0000]
 total_blobs=2427 nmethods=1945 adapters=396
 compilation: enabled
              stopped_count=0, restarted_count=0
 full_count=0

Compilation events (20 events):
Event: 3.178 Thread 0x00000226c9100e50 nmethod 1936 0x00000226b3785510 code [0x00000226b3785840, 0x00000226b37872e8]
Event: 3.195 Thread 0x00000226c9100e50 1938       3       java.util.concurrent.atomic.AtomicBoolean::get (13 bytes)
Event: 3.195 Thread 0x00000226c9100e50 nmethod 1938 0x00000226b3787b10 code [0x00000226b3787ca0, 0x00000226b3787e18]
Event: 3.201 Thread 0x00000226c9100e50 1939   !   3       org.eclipse.osgi.storage.bundlefile.CloseableBundleFile::decrementReference (58 bytes)
Event: 3.202 Thread 0x00000226c9100e50 nmethod 1939 0x00000226b3787e90 code [0x00000226b3788120, 0x00000226b3788e08]
Event: 3.202 Thread 0x00000226c9100e50 1940   !   3       org.eclipse.osgi.storage.bundlefile.CloseableBundleFile::incrementReference (38 bytes)
Event: 3.203 Thread 0x00000226c9100e50 nmethod 1940 0x00000226b3789310 code [0x00000226b3789540, 0x00000226b3789e78]
Event: 3.203 Thread 0x00000226c9100e50 1941       3       org.eclipse.osgi.internal.loader.BundleLoader::isTriggerSet (8 bytes)
Event: 3.203 Thread 0x00000226c9100e50 nmethod 1941 0x00000226b378a190 code [0x00000226b378a320, 0x00000226b378a4f8]
Event: 3.215 Thread 0x00000226c9100e50 1942   !   3       org.eclipse.osgi.storage.StorageUtil::getBytes (171 bytes)
Event: 3.216 Thread 0x00000226c9100e50 nmethod 1942 0x00000226b378a610 code [0x00000226b378a860, 0x00000226b378b518]
Event: 3.216 Thread 0x00000226c9100e50 1943   !   3       org.eclipse.osgi.internal.weaving.WeavingHookConfigurator::processClass (245 bytes)
Event: 3.219 Thread 0x00000226c9100e50 nmethod 1943 0x00000226b378ba10 code [0x00000226b378bdc0, 0x00000226b378da78]
Event: 3.219 Thread 0x00000226c9100e50 1944       3       org.eclipse.osgi.internal.weaving.WeavingHookConfigurator::getRegistry (8 bytes)
Event: 3.219 Thread 0x00000226c9100e50 nmethod 1944 0x00000226b378e890 code [0x00000226b378ea40, 0x00000226b378ec98]
Event: 3.219 Thread 0x00000226c9100e50 1945       3       org.eclipse.osgi.internal.weaving.WovenClassImpl::<init> (80 bytes)
Event: 3.220 Thread 0x00000226c9100e50 nmethod 1945 0x00000226b378ee10 code [0x00000226b378f000, 0x00000226b378f6a8]
Event: 3.220 Thread 0x00000226c9100e50 1946       3       org.eclipse.osgi.internal.weaving.DynamicImportList::<init> (22 bytes)
Event: 3.220 Thread 0x00000226c9100e50 nmethod 1946 0x00000226b378f990 code [0x00000226b378fb40, 0x00000226b378fe48]
Event: 3.220 Thread 0x00000226c9100e50 1947   !   3       org.eclipse.osgi.internal.weaving.WovenClassImpl::callHooks (410 bytes)

GC Heap History (4 events):
Event: 1.352 GC heap before
{Heap before GC invocations=1 (full 0):
 PSYoungGen      total 29696K, used 25600K [0x00000000eab00000, 0x00000000ecc00000, 0x0000000100000000)
  eden space 25600K, 100% used [0x00000000eab00000,0x00000000ec400000,0x00000000ec400000)
  from space 4096K, 0% used [0x00000000ec800000,0x00000000ec800000,0x00000000ecc00000)
  to   space 4096K, 0% used [0x00000000ec400000,0x00000000ec400000,0x00000000ec800000)
 ParOldGen       total 68608K, used 0K [0x00000000c0000000, 0x00000000c4300000, 0x00000000eab00000)
  object space 68608K, 0% used [0x00000000c0000000,0x00000000c0000000,0x00000000c4300000)
 Metaspace       used 10922K, committed 11072K, reserved 1114112K
  class space    used 1084K, committed 1152K, reserved 1048576K
}
Event: 1.360 GC heap after
{Heap after GC invocations=1 (full 0):
 PSYoungGen      total 29696K, used 3287K [0x00000000eab00000, 0x00000000ecc00000, 0x0000000100000000)
  eden space 25600K, 0% used [0x00000000eab00000,0x00000000eab00000,0x00000000ec400000)
  from space 4096K, 80% used [0x00000000ec400000,0x00000000ec735d00,0x00000000ec800000)
  to   space 4096K, 0% used [0x00000000ec800000,0x00000000ec800000,0x00000000ecc00000)
 ParOldGen       total 68608K, used 16K [0x00000000c0000000, 0x00000000c4300000, 0x00000000eab00000)
  object space 68608K, 0% used [0x00000000c0000000,0x00000000c0004000,0x00000000c4300000)
 Metaspace       used 10922K, committed 11072K, reserved 1114112K
  class space    used 1084K, committed 1152K, reserved 1048576K
}
Event: 2.366 GC heap before
{Heap before GC invocations=2 (full 0):
 PSYoungGen      total 29696K, used 28887K [0x00000000eab00000, 0x00000000ecc00000, 0x0000000100000000)
  eden space 25600K, 100% used [0x00000000eab00000,0x00000000ec400000,0x00000000ec400000)
  from space 4096K, 80% used [0x00000000ec400000,0x00000000ec735d00,0x00000000ec800000)
  to   space 4096K, 0% used [0x00000000ec800000,0x00000000ec800000,0x00000000ecc00000)
 ParOldGen       total 68608K, used 16K [0x00000000c0000000, 0x00000000c4300000, 0x00000000eab00000)
  object space 68608K, 0% used [0x00000000c0000000,0x00000000c0004000,0x00000000c4300000)
 Metaspace       used 14674K, committed 14848K, reserved 1114112K
  class space    used 1485K, committed 1536K, reserved 1048576K
}
Event: 2.373 GC heap after
{Heap after GC invocations=2 (full 0):
 PSYoungGen      total 29696K, used 4077K [0x00000000eab00000, 0x00000000ecc00000, 0x0000000100000000)
  eden space 25600K, 0% used [0x00000000eab00000,0x00000000eab00000,0x00000000ec400000)
  from space 4096K, 99% used [0x00000000ec800000,0x00000000ecbfb538,0x00000000ecc00000)
  to   space 4096K, 0% used [0x00000000ec400000,0x00000000ec400000,0x00000000ec800000)
 ParOldGen       total 68608K, used 952K [0x00000000c0000000, 0x00000000c4300000, 0x00000000eab00000)
  object space 68608K, 1% used [0x00000000c0000000,0x00000000c00ee350,0x00000000c4300000)
 Metaspace       used 14674K, committed 14848K, reserved 1114112K
  class space    used 1485K, committed 1536K, reserved 1048576K
}

Dll operation events (9 events):
Event: 0.013 Loaded shared library c:\Users\Administrator\.vscode\extensions\redhat.java-1.32.0-win32-x64\jre\17.0.11-win32-x86_64\bin\java.dll
Event: 0.186 Loaded shared library c:\Users\Administrator\.vscode\extensions\redhat.java-1.32.0-win32-x64\jre\17.0.11-win32-x86_64\bin\zip.dll
Event: 0.196 Loaded shared library C:\Users\Administrator\.vscode\extensions\redhat.java-1.32.0-win32-x64\jre\17.0.11-win32-x86_64\bin\instrument.dll
Event: 0.212 Loaded shared library C:\Users\Administrator\.vscode\extensions\redhat.java-1.32.0-win32-x64\jre\17.0.11-win32-x86_64\bin\net.dll
Event: 0.216 Loaded shared library C:\Users\Administrator\.vscode\extensions\redhat.java-1.32.0-win32-x64\jre\17.0.11-win32-x86_64\bin\nio.dll
Event: 0.226 Loaded shared library C:\Users\Administrator\.vscode\extensions\redhat.java-1.32.0-win32-x64\jre\17.0.11-win32-x86_64\bin\zip.dll
Event: 0.249 Loaded shared library C:\Users\Administrator\.vscode\extensions\redhat.java-1.32.0-win32-x64\jre\17.0.11-win32-x86_64\bin\jimage.dll
Event: 0.354 Loaded shared library c:\Users\Administrator\.vscode\extensions\redhat.java-1.32.0-win32-x64\jre\17.0.11-win32-x86_64\bin\verify.dll
Event: 2.172 Loaded shared library C:\Users\Administrator\AppData\Roaming\Code\User\globalStorage\redhat.java\1.32.0\config_ss_win\org.eclipse.equinox.launcher\org.eclipse.equinox.launcher.win32.win32.x86_64_1.2.1100.v20240613-2013\eclipse_11903.dll

Deoptimization events (20 events):
Event: 3.129 Thread 0x00000226cb361f40 Uncommon trap: trap_request=0xffffffc6 fr.pc=0x00000226baf95f18 relative=0x0000000000000358
Event: 3.129 Thread 0x00000226cb361f40 Uncommon trap: reason=bimorphic_or_optimized_type_check action=maybe_recompile pc=0x00000226baf95f18 method=java.io.DataInputStream.readUnsignedByte()I @ 4 c2
Event: 3.129 Thread 0x00000226cb361f40 DEOPT PACKING pc=0x00000226baf95f18 sp=0x000000c03f1f8570
Event: 3.129 Thread 0x00000226cb361f40 DEOPT UNPACKING pc=0x00000226ba989ea3 sp=0x000000c03f1f84c8 mode 2
Event: 3.129 Thread 0x00000226cb361f40 Uncommon trap: trap_request=0xffffffc6 fr.pc=0x00000226baf95f18 relative=0x0000000000000358
Event: 3.129 Thread 0x00000226cb361f40 Uncommon trap: reason=bimorphic_or_optimized_type_check action=maybe_recompile pc=0x00000226baf95f18 method=java.io.DataInputStream.readUnsignedByte()I @ 4 c2
Event: 3.129 Thread 0x00000226cb361f40 DEOPT PACKING pc=0x00000226baf95f18 sp=0x000000c03f1f8570
Event: 3.129 Thread 0x00000226cb361f40 DEOPT UNPACKING pc=0x00000226ba989ea3 sp=0x000000c03f1f84c8 mode 2
Event: 3.129 Thread 0x00000226cb361f40 Uncommon trap: trap_request=0xffffffc6 fr.pc=0x00000226baf8fbbc relative=0x0000000000000d7c
Event: 3.129 Thread 0x00000226cb361f40 Uncommon trap: reason=bimorphic_or_optimized_type_check action=maybe_recompile pc=0x00000226baf8fbbc method=java.io.DataInputStream.readInt()I @ 6 c2
Event: 3.129 Thread 0x00000226cb361f40 DEOPT PACKING pc=0x00000226baf8fbbc sp=0x000000c03f1f8570
Event: 3.129 Thread 0x00000226cb361f40 DEOPT UNPACKING pc=0x00000226ba989ea3 sp=0x000000c03f1f8528 mode 2
Event: 3.129 Thread 0x00000226cb361f40 Uncommon trap: trap_request=0xffffffc6 fr.pc=0x00000226baf8fbbc relative=0x0000000000000d7c
Event: 3.129 Thread 0x00000226cb361f40 Uncommon trap: reason=bimorphic_or_optimized_type_check action=maybe_recompile pc=0x00000226baf8fbbc method=java.io.DataInputStream.readInt()I @ 6 c2
Event: 3.129 Thread 0x00000226cb361f40 DEOPT PACKING pc=0x00000226baf8fbbc sp=0x000000c03f1f85e0
Event: 3.129 Thread 0x00000226cb361f40 DEOPT UNPACKING pc=0x00000226ba989ea3 sp=0x000000c03f1f8598 mode 2
Event: 3.129 Thread 0x00000226cb361f40 Uncommon trap: trap_request=0xffffffc6 fr.pc=0x00000226baf8fbbc relative=0x0000000000000d7c
Event: 3.129 Thread 0x00000226cb361f40 Uncommon trap: reason=bimorphic_or_optimized_type_check action=maybe_recompile pc=0x00000226baf8fbbc method=java.io.DataInputStream.readInt()I @ 6 c2
Event: 3.129 Thread 0x00000226cb361f40 DEOPT PACKING pc=0x00000226baf8fbbc sp=0x000000c03f1f8570
Event: 3.129 Thread 0x00000226cb361f40 DEOPT UNPACKING pc=0x00000226ba989ea3 sp=0x000000c03f1f8528 mode 2

Classes unloaded (0 events):
No events

Classes redefined (0 events):
No events

Internal exceptions (20 events):
Event: 1.295 Thread 0x00000226b07dee80 Implicit null exception at 0x00000226baf3147b to 0x00000226baf31e30
Event: 1.295 Thread 0x00000226b07dee80 Implicit null exception at 0x00000226baf20af1 to 0x00000226baf20cd0
Event: 1.296 Thread 0x00000226b07dee80 Implicit null exception at 0x00000226baf21ef1 to 0x00000226baf220d4
Event: 1.296 Thread 0x00000226b07dee80 Implicit null exception at 0x00000226baf1718f to 0x00000226baf17205
Event: 1.369 Thread 0x00000226b07dee80 Exception <a 'java/lang/NoSuchMethodError'{0x00000000eab236f0}: 'int java.lang.invoke.DirectMethodHandle$Holder.invokeStaticInit(java.lang.Object, java.lang.Object, java.lang.Object, java.lang.Object)'> (0x00000000eab236f0) 
thrown [s\src\hotspot\share\interpreter\linkResolver.cpp, line 759]
Event: 1.374 Thread 0x00000226b07dee80 Exception <a 'java/lang/NoSuchMethodError'{0x00000000eab2de68}: 'java.lang.Object java.lang.invoke.DirectMethodHandle$Holder.invokeInterface(java.lang.Object, java.lang.Object)'> (0x00000000eab2de68) 
thrown [s\src\hotspot\share\interpreter\linkResolver.cpp, line 759]
Event: 1.376 Thread 0x00000226b07dee80 Exception <a 'java/lang/IncompatibleClassChangeError'{0x00000000eab31660}: Found class java.lang.Object, but interface was expected> (0x00000000eab31660) 
thrown [s\src\hotspot\share\interpreter\linkResolver.cpp, line 826]
Event: 1.378 Thread 0x00000226b07dee80 Exception <a 'java/lang/NoSuchMethodError'{0x00000000eab35b50}: 'void java.lang.invoke.DirectMethodHandle$Holder.invokeStatic(java.lang.Object, java.lang.Object)'> (0x00000000eab35b50) 
thrown [s\src\hotspot\share\interpreter\linkResolver.cpp, line 759]
Event: 1.378 Thread 0x00000226b07dee80 Exception <a 'java/lang/NoSuchMethodError'{0x00000000eab39350}: 'void java.lang.invoke.DirectMethodHandle$Holder.invokeStaticInit(java.lang.Object, java.lang.Object)'> (0x00000000eab39350) 
thrown [s\src\hotspot\share\interpreter\linkResolver.cpp, line 759]
Event: 1.381 Thread 0x00000226b07dee80 Exception <a 'java/lang/NoSuchMethodError'{0x00000000eab40840}: 'int java.lang.invoke.DirectMethodHandle$Holder.invokeStaticInit(java.lang.Object, java.lang.Object)'> (0x00000000eab40840) 
thrown [s\src\hotspot\share\interpreter\linkResolver.cpp, line 759]
Event: 1.484 Thread 0x00000226b07dee80 Exception <a 'java/lang/NoSuchMethodError'{0x00000000eacab0e0}: 'void java.lang.invoke.DirectMethodHandle$Holder.invokeSpecial(java.lang.Object, java.lang.Object, java.lang.Object)'> (0x00000000eacab0e0) 
thrown [s\src\hotspot\share\interpreter\linkResolver.cpp, line 759]
Event: 1.935 Thread 0x00000226b07dee80 Exception <a 'java/lang/NoSuchMethodError'{0x00000000eb91a9f8}: 'java.lang.Object java.lang.invoke.DirectMethodHandle$Holder.newInvokeSpecial(java.lang.Object, int, java.lang.Object)'> (0x00000000eb91a9f8) 
thrown [s\src\hotspot\share\interpreter\linkResolver.cpp, line 759]
Event: 2.168 Thread 0x00000226b07dee80 Exception <a 'java/lang/UnsatisfiedLinkError'{0x00000000ebea8f68}: 'void org.eclipse.equinox.launcher.JNIBridge._update_splash()'> (0x00000000ebea8f68) 
thrown [s\src\hotspot\share\prims\nativeLookup.cpp, line 543]
Event: 2.262 Thread 0x00000226cb361f40 Exception <a 'java/lang/NoSuchMethodError'{0x00000000ec1cc798}: 'java.lang.Object java.lang.invoke.DirectMethodHandle$Holder.invokeStaticInit(java.lang.Object)'> (0x00000000ec1cc798) 
thrown [s\src\hotspot\share\interpreter\linkResolver.cpp, line 759]
Event: 2.337 Thread 0x00000226cb361f40 Exception <a 'java/lang/NullPointerException'{0x00000000ec30f190}> (0x00000000ec30f190) 
thrown [s\src\hotspot\share\interpreter\linkResolver.cpp, line 1350]
Event: 2.337 Thread 0x00000226cb361f40 Exception <a 'java/lang/NullPointerException'{0x00000000ec30f468}> (0x00000000ec30f468) 
thrown [s\src\hotspot\share\interpreter\linkResolver.cpp, line 1350]
Event: 2.776 Thread 0x00000226cb361f40 Exception <a 'java/io/FileNotFoundException'{0x00000000eb5bc6f8}> (0x00000000eb5bc6f8) 
thrown [s\src\hotspot\share\prims\jni.cpp, line 516]
Event: 2.936 Thread 0x00000226cb361f40 Exception <a 'java/lang/NoSuchMethodError'{0x00000000eb7570a0}: 'java.lang.Object java.lang.invoke.Invokers$Holder.invokeExact_MT(java.lang.Object, java.lang.Object, java.lang.Object, java.lang.Object, java.lang.Object, java.lang.Object)'> (0x00000000eb7570a0) 
thrown [s\src\hotspot\share\interpreter\linkResolver.cpp, line 759]
Event: 3.022 Thread 0x00000226cb361f40 Exception <a 'java/lang/NoSuchMethodError'{0x00000000eb87c678}: 'java.lang.Object java.lang.invoke.Invokers$Holder.linkToTargetMethod(java.lang.Object, long, java.lang.Object)'> (0x00000000eb87c678) 
thrown [s\src\hotspot\share\interpreter\linkResolver.cpp, line 759]
Event: 3.176 Thread 0x00000226cb361f40 Exception <a 'java/lang/NoSuchMethodError'{0x00000000ebc213d0}: 'void java.lang.invoke.DirectMethodHandle$Holder.invokeInterface(java.lang.Object, java.lang.Object, java.lang.Object)'> (0x00000000ebc213d0) 
thrown [s\src\hotspot\share\interpreter\linkResolver.cpp, line 759]

VM Operations (20 events):
Event: 1.121 Executing VM operation: ICBufferFull
Event: 1.121 Executing VM operation: ICBufferFull done
Event: 1.165 Executing VM operation: HandshakeAllThreads
Event: 1.165 Executing VM operation: HandshakeAllThreads done
Event: 1.351 Executing VM operation: ParallelGCFailedAllocation
Event: 1.360 Executing VM operation: ParallelGCFailedAllocation done
Event: 1.902 Executing VM operation: HandshakeAllThreads
Event: 1.902 Executing VM operation: HandshakeAllThreads done
Event: 1.902 Executing VM operation: HandshakeAllThreads
Event: 1.902 Executing VM operation: HandshakeAllThreads done
Event: 1.911 Executing VM operation: HandshakeAllThreads
Event: 1.911 Executing VM operation: HandshakeAllThreads done
Event: 1.929 Executing VM operation: HandshakeAllThreads
Event: 1.929 Executing VM operation: HandshakeAllThreads done
Event: 2.332 Executing VM operation: HandshakeAllThreads
Event: 2.332 Executing VM operation: HandshakeAllThreads done
Event: 2.365 Executing VM operation: ParallelGCFailedAllocation
Event: 2.373 Executing VM operation: ParallelGCFailedAllocation done
Event: 3.130 Executing VM operation: HandshakeAllThreads
Event: 3.130 Executing VM operation: HandshakeAllThreads done

Events (20 events):
Event: 3.136 loading class java/time/zone/Ser done
Event: 3.138 loading class java/util/Formatter
Event: 3.139 loading class java/util/Formatter done
Event: 3.144 loading class java/util/Formatter$FixedString
Event: 3.144 loading class java/util/Formatter$FormatString
Event: 3.144 loading class java/util/Formatter$FormatString done
Event: 3.144 loading class java/util/Formatter$FixedString done
Event: 3.144 loading class java/util/Formatter$Conversion
Event: 3.144 loading class java/util/Formatter$Conversion done
Event: 3.144 loading class java/util/Formatter$FormatSpecifier
Event: 3.145 loading class java/util/Formatter$FormatSpecifier done
Event: 3.145 loading class java/util/Formatter$Flags
Event: 3.146 loading class java/util/Formatter$Flags done
Event: 3.146 loading class java/util/Formattable
Event: 3.146 loading class java/util/Formattable done
Event: 3.175 loading class java/util/concurrent/TimeoutException
Event: 3.175 loading class java/util/concurrent/TimeoutException done
Event: 3.187 Thread 0x00000226caa62a30 Thread added: 0x00000226caa62a30
Event: 3.190 loading class java/net/URISyntaxException
Event: 3.190 loading class java/net/URISyntaxException done


Dynamic libraries:
0x00007ff685600000 - 0x00007ff68560e000 	c:\Users\Administrator\.vscode\extensions\redhat.java-1.32.0-win32-x64\jre\17.0.11-win32-x86_64\bin\java.exe
0x00007ffce60d0000 - 0x00007ffce62c8000 	C:\Windows\SYSTEM32\ntdll.dll
0x00007ffce5ea0000 - 0x00007ffce5f5d000 	C:\Windows\System32\KERNEL32.DLL
0x00007ffce3b10000 - 0x00007ffce3e06000 	C:\Windows\System32\KERNELBASE.dll
0x00007ffce38f0000 - 0x00007ffce39f0000 	C:\Windows\System32\ucrtbase.dll
0x00007ffcde190000 - 0x00007ffcde1a7000 	c:\Users\Administrator\.vscode\extensions\redhat.java-1.32.0-win32-x64\jre\17.0.11-win32-x86_64\bin\jli.dll
0x00007ffce4100000 - 0x00007ffce429f000 	C:\Windows\System32\USER32.dll
0x00007ffce4080000 - 0x00007ffce40a2000 	C:\Windows\System32\win32u.dll
0x00007ffce5b10000 - 0x00007ffce5b3b000 	C:\Windows\System32\GDI32.dll
0x00007ffce39f0000 - 0x00007ffce3b07000 	C:\Windows\System32\gdi32full.dll
0x00007ffce3e80000 - 0x00007ffce3f1d000 	C:\Windows\System32\msvcp_win.dll
0x00007ffcdbb20000 - 0x00007ffcdbb3b000 	c:\Users\Administrator\.vscode\extensions\redhat.java-1.32.0-win32-x64\jre\17.0.11-win32-x86_64\bin\VCRUNTIME140.dll
0x00007ffcd64f0000 - 0x00007ffcd678a000 	C:\Windows\WinSxS\amd64_microsoft.windows.common-controls_6595b64144ccf1df_6.0.19041.4355_none_60b8b9eb71f62e16\COMCTL32.dll
0x00007ffce4720000 - 0x00007ffce47be000 	C:\Windows\System32\msvcrt.dll
0x00007ffce5270000 - 0x00007ffce52a2000 	C:\Windows\System32\IMM32.DLL
0x0000000056620000 - 0x00000000568ad000 	C:\Program Files (x86)\Privacy-i\PIProtectorAPI64.dll
0x00007ffce47c0000 - 0x00007ffce4c2e000 	C:\Windows\System32\SETUPAPI.dll
0x00007ffce40b0000 - 0x00007ffce40fe000 	C:\Windows\System32\cfgmgr32.dll
0x00007ffce5f60000 - 0x00007ffce6083000 	C:\Windows\System32\RPCRT4.dll
0x00007ffce3780000 - 0x00007ffce37a7000 	C:\Windows\System32\bcrypt.dll
0x00007ffce5c20000 - 0x00007ffce5cd0000 	C:\Windows\System32\ADVAPI32.dll
0x00007ffce5e00000 - 0x00007ffce5ea0000 	C:\Windows\System32\sechost.dll
0x00007ffce52c0000 - 0x00007ffce5a2b000 	C:\Windows\System32\SHELL32.dll
0x00007ffce5cd0000 - 0x00007ffce5dfb000 	C:\Windows\System32\ole32.dll
0x00007ffce4e90000 - 0x00007ffce51e3000 	C:\Windows\System32\combase.dll
0x00007ffce4650000 - 0x00007ffce471d000 	C:\Windows\System32\OLEAUT32.dll
0x00007ffce4450000 - 0x00007ffce44bb000 	C:\Windows\System32\WS2_32.dll
0x00007ffce5b40000 - 0x00007ffce5b95000 	C:\Windows\System32\SHLWAPI.dll
0x00007ffce1900000 - 0x00007ffce190a000 	C:\Windows\SYSTEM32\VERSION.dll
0x00007ffcd59a0000 - 0x00007ffcd5b8c000 	C:\Windows\SYSTEM32\urlmon.dll
0x00007ffcd3950000 - 0x00007ffcd39f5000 	C:\Windows\SYSTEM32\WINSPOOL.DRV
0x00007ffce4c30000 - 0x00007ffce4cdd000 	C:\Windows\System32\shcore.dll
0x00007ffce1910000 - 0x00007ffce1976000 	C:\Windows\SYSTEM32\OLEACC.dll
0x00007ffcd0e10000 - 0x00007ffcd10ce000 	C:\Windows\SYSTEM32\iertutil.dll
0x00007ffce2400000 - 0x00007ffce2428000 	C:\Windows\SYSTEM32\srvcli.dll
0x00007ffce2bd0000 - 0x00007ffce2bdc000 	C:\Windows\SYSTEM32\netutils.dll
0x00007ffce28d0000 - 0x00007ffce2903000 	C:\Windows\SYSTEM32\ntmarta.dll
0x00007ffce1140000 - 0x00007ffce18dd000 	C:\Windows\SYSTEM32\windows.storage.dll
0x00007ffce31a0000 - 0x00007ffce31ce000 	C:\Windows\SYSTEM32\Wldp.dll
0x00007ffce36b0000 - 0x00007ffce36d4000 	C:\Windows\SYSTEM32\profapi.dll
0x00007ffcde210000 - 0x00007ffcde21c000 	c:\Users\Administrator\.vscode\extensions\redhat.java-1.32.0-win32-x64\jre\17.0.11-win32-x86_64\bin\vcruntime140_1.dll
0x00007ffc97d60000 - 0x00007ffc97ded000 	c:\Users\Administrator\.vscode\extensions\redhat.java-1.32.0-win32-x64\jre\17.0.11-win32-x86_64\bin\msvcp140.dll
0x00007ffc895b0000 - 0x00007ffc8a212000 	c:\Users\Administrator\.vscode\extensions\redhat.java-1.32.0-win32-x64\jre\17.0.11-win32-x86_64\bin\server\jvm.dll
0x00007ffce2d00000 - 0x00007ffce2d4b000 	C:\Windows\SYSTEM32\POWRPROF.dll
0x00007ffccc120000 - 0x00007ffccc129000 	C:\Windows\SYSTEM32\WSOCK32.dll
0x00007ffcd3910000 - 0x00007ffcd3937000 	C:\Windows\SYSTEM32\WINMM.dll
0x00007ffce2b70000 - 0x00007ffce2b82000 	C:\Windows\SYSTEM32\UMPDC.dll
0x00007ffce0d90000 - 0x00007ffce0da2000 	C:\Windows\SYSTEM32\kernel.appcore.dll
0x00007ffcde1f0000 - 0x00007ffcde1fa000 	c:\Users\Administrator\.vscode\extensions\redhat.java-1.32.0-win32-x64\jre\17.0.11-win32-x86_64\bin\jimage.dll
0x00007ffce0940000 - 0x00007ffce0b24000 	C:\Windows\SYSTEM32\DBGHELP.DLL
0x00007ffcccff0000 - 0x00007ffccd024000 	C:\Windows\SYSTEM32\dbgcore.DLL
0x00007ffce3860000 - 0x00007ffce38e2000 	C:\Windows\System32\bcryptPrimitives.dll
0x00007ffcde150000 - 0x00007ffcde15e000 	c:\Users\Administrator\.vscode\extensions\redhat.java-1.32.0-win32-x64\jre\17.0.11-win32-x86_64\bin\instrument.dll
0x00007ffcbdbe0000 - 0x00007ffcbdc05000 	c:\Users\Administrator\.vscode\extensions\redhat.java-1.32.0-win32-x64\jre\17.0.11-win32-x86_64\bin\java.dll
0x00007ffcd9f00000 - 0x00007ffcd9f18000 	c:\Users\Administrator\.vscode\extensions\redhat.java-1.32.0-win32-x64\jre\17.0.11-win32-x86_64\bin\zip.dll
0x00007ffcd7140000 - 0x00007ffcd7159000 	C:\Users\Administrator\.vscode\extensions\redhat.java-1.32.0-win32-x64\jre\17.0.11-win32-x86_64\bin\net.dll
0x00007ffcdcff0000 - 0x00007ffcdd0fa000 	C:\Windows\SYSTEM32\WINHTTP.dll
0x00007ffce2f00000 - 0x00007ffce2f6a000 	C:\Windows\system32\mswsock.dll
0x00007ffcbdba0000 - 0x00007ffcbdbb6000 	C:\Users\Administrator\.vscode\extensions\redhat.java-1.32.0-win32-x64\jre\17.0.11-win32-x86_64\bin\nio.dll
0x00007ffcdd820000 - 0x00007ffcdd830000 	c:\Users\Administrator\.vscode\extensions\redhat.java-1.32.0-win32-x64\jre\17.0.11-win32-x86_64\bin\verify.dll
0x00007ffcc9830000 - 0x00007ffcc9874000 	C:\Users\Administrator\AppData\Roaming\Code\User\globalStorage\redhat.java\1.32.0\config_ss_win\org.eclipse.equinox.launcher\org.eclipse.equinox.launcher.win32.win32.x86_64_1.2.1100.v20240613-2013\eclipse_11903.dll

dbghelp: loaded successfully - version: 4.0.5 - missing functions: none
symbol engine: initialized successfully - sym options: 0x614 - pdb path: .;c:\Users\Administrator\.vscode\extensions\redhat.java-1.32.0-win32-x64\jre\17.0.11-win32-x86_64\bin;C:\Windows\SYSTEM32;C:\Windows\WinSxS\amd64_microsoft.windows.common-controls_6595b64144ccf1df_6.0.19041.4355_none_60b8b9eb71f62e16;C:\Program Files (x86)\Privacy-i;c:\Users\Administrator\.vscode\extensions\redhat.java-1.32.0-win32-x64\jre\17.0.11-win32-x86_64\bin\server;C:\Users\Administrator\AppData\Roaming\Code\User\globalStorage\redhat.java\1.32.0\config_ss_win\org.eclipse.equinox.launcher\org.eclipse.equinox.launcher.win32.win32.x86_64_1.2.1100.v20240613-2013

VM Arguments:
jvm_args: --add-modules=ALL-SYSTEM --add-opens=java.base/java.util=ALL-UNNAMED --add-opens=java.base/java.lang=ALL-UNNAMED --add-opens=java.base/sun.nio.fs=ALL-UNNAMED -Declipse.application=org.eclipse.jdt.ls.core.id1 -Dosgi.bundles.defaultStartLevel=4 -Declipse.product=org.eclipse.jdt.ls.core.product -Djava.import.generatesMetadataFilesAtProjectRoot=false -DDetectVMInstallationsJob.disabled=true -Dfile.encoding=utf8 -XX:+UseParallelGC -XX:GCTimeRatio=4 -XX:AdaptiveSizePolicyWeight=90 -Dsun.zip.disableMemoryMapping=true -Xmx1G -Xms100m -Xlog:disable -javaagent:c:\Users\Administrator\.vscode\extensions\redhat.java-1.32.0-win32-x64\lombok\lombok-1.18.33.jar 
java_command: c:\Users\Administrator\.vscode\extensions\redhat.java-1.32.0-win32-x64\server\plugins\org.eclipse.equinox.launcher_1.6.900.v20240613-2009.jar -configuration c:\Users\Administrator\AppData\Roaming\Code\User\globalStorage\redhat.java\1.32.0\config_ss_win -data c:\Users\Administrator\AppData\Roaming\Code\User\workspaceStorage\aedb73c074b3051e69e9d06902ef6abe\redhat.java\ss_ws --pipe=\\.\pipe\lsp-d259c7ee6ad5f8c114a87424b14b506b-sock
java_class_path (initial): c:\Users\Administrator\.vscode\extensions\redhat.java-1.32.0-win32-x64\server\plugins\org.eclipse.equinox.launcher_1.6.900.v20240613-2009.jar
Launcher Type: SUN_STANDARD

[Global flags]
    uintx AdaptiveSizePolicyWeight                 = 90                                        {product} {command line}
     intx CICompilerCount                          = 4                                         {product} {ergonomic}
    uintx GCTimeRatio                              = 4                                         {product} {command line}
   size_t InitialHeapSize                          = 104857600                                 {product} {command line}
   size_t MaxHeapSize                              = 1073741824                                {product} {command line}
   size_t MaxNewSize                               = 357564416                                 {product} {ergonomic}
   size_t MinHeapDeltaBytes                        = 524288                                    {product} {ergonomic}
   size_t MinHeapSize                              = 104857600                                 {product} {command line}
   size_t NewSize                                  = 34603008                                  {product} {ergonomic}
    uintx NonNMethodCodeHeapSize                   = 5839372                                {pd product} {ergonomic}
    uintx NonProfiledCodeHeapSize                  = 122909434                              {pd product} {ergonomic}
   size_t OldSize                                  = 70254592                                  {product} {ergonomic}
    uintx ProfiledCodeHeapSize                     = 122909434                              {pd product} {ergonomic}
    uintx ReservedCodeCacheSize                    = 251658240                              {pd product} {ergonomic}
     bool SegmentedCodeCache                       = true                                      {product} {ergonomic}
   size_t SoftMaxHeapSize                          = 1073741824                             {manageable} {ergonomic}
     bool UseCompressedClassPointers               = true                           {product lp64_product} {ergonomic}
     bool UseCompressedOops                        = true                           {product lp64_product} {ergonomic}
     bool UseLargePagesIndividualAllocation        = false                                  {pd product} {ergonomic}
     bool UseParallelGC                            = true                                      {product} {command line}

Logging:
Log output configuration:
 #0: stdout all=off uptime,level,tags
 #1: stderr all=off uptime,level,tags

Environment Variables:
JAVA_HOME=C:\Users\java-1.8.0-openjdk-1.8.0.332-1.b09.ojdkbuild.windows.x86_64\java-1.8.0-openjdk-1.8.0.332-1.b09.ojdkbuild.windows.x86_64
PATH=C:\Windows\Softcamp\SDK;C:\Windows\Softcamp\SDS\x64;C:\Windows\Softcamp\SDS;C:\Windows\system32;C:\Windows;C:\Windows\System32\Wbem;C:\Windows\System32\WindowsPowerShell\v1.0\;C:\Windows\System32\OpenSSH\;C:\Program Files\Bandizip\;C:\Program Files\Git\cmd;C:\Program Files\MySQL\MySQL Shell 8.0\bin\;C:\Users\Administrator\AppData\Local\Microsoft\WindowsApps;C:\Users\java-1.8.0-openjdk-1.8.0.332-1.b09.ojdkbuild.windows.x86_64\java-1.8.0-openjdk-1.8.0.332-1.b09.ojdkbuild.windows.x86_64bin;C:\Users\Administrator\AppData\Local\Programs\Microsoft VS Code\bin;
USERNAME=9470234
OS=Windows_NT
PROCESSOR_IDENTIFIER=Intel64 Family 6 Model 140 Stepping 1, GenuineIntel
TMP=C:\Users\ADMINI~1\AppData\Local\Temp
TEMP=C:\Users\ADMINI~1\AppData\Local\Temp



Periodic native trim disabled


---------------  S Y S T E M  ---------------

OS:
 Windows 10 , 64 bit Build 19041 (10.0.19041.3636)
OS uptime: 14 days 17:53 hours

CPU: total 8 (initial active 8) (4 cores per cpu, 2 threads per core) family 6 model 140 stepping 1 microcode 0x9a, cx8, cmov, fxsr, ht, mmx, 3dnowpref, sse, sse2, sse3, ssse3, sse4.1, sse4.2, popcnt, lzcnt, tsc, tscinvbit, avx, avx2, aes, erms, clmul, bmi1, bmi2, adx, avx512f, avx512dq, avx512cd, avx512bw, avx512vl, sha, fma, vzeroupper, avx512_vpopcntdq, avx512_vpclmulqdq, avx512_vaes, avx512_vnni, clflush, clflushopt, clwb, avx512_vbmi2, avx512_vbmi
Processor Information for all 8 processors :
  Max Mhz: 2419, Current Mhz: 2419, Mhz Limit: 2419

Memory: 4k page, system-wide physical 16092M (3560M free)
TotalPageFile size 16092M (AvailPageFile size 88M)
current process WorkingSet (physical memory assigned to process): 100M, peak: 100M
current process commit charge ("private bytes"): 214M, peak: 214M

vm_info: OpenJDK 64-Bit Server VM (17.0.11+9) for windows-amd64 JRE (17.0.11+9), built on Apr 17 2024 06:07:48 by "admin" with MS VC++ 16.10 / 16.11 (VS2019)

END.
